This file contains any messages produced by compilers while
running configure, to aid debugging if configure makes a mistake.

It was created by tinc configure UNKNOWN, which was
generated by GNU Autoconf 2.69.  Invocation command line was

  $ ./configure --disable-curses --disable-readline

## --------- ##
## Platform. ##
## --------- ##

hostname = nas
uname -m = amd64
uname -r = 12.1-RELEASE
uname -s = FreeBSD
uname -v = FreeBSD 12.1-RELEASE r354233 GENERIC 

/usr/bin/uname -p = amd64
/bin/uname -X     = unknown

/bin/arch              = unknown
/usr/bin/arch -k       = unknown
/usr/convex/getsysinfo = unknown
/usr/bin/hostinfo      = unknown
/bin/machine           = unknown
/usr/bin/oslevel       = unknown
/bin/universe          = unknown

PATH: /sbin
PATH: /bin
PATH: /usr/sbin
PATH: /usr/bin
PATH: /usr/local/sbin
PATH: /usr/local/bin
PATH: /root/bin


## ----------- ##
## Core tests. ##
## ----------- ##

configure:2423: checking for a BSD-compatible install
configure:2491: result: /usr/bin/install -c
configure:2502: checking whether build environment is sane
configure:2557: result: yes
configure:2708: checking for a thread-safe mkdir -p
configure:2747: result: ./install-sh -c -d
configure:2754: checking for gawk
configure:2784: result: no
configure:2754: checking for mawk
configure:2784: result: no
configure:2754: checking for nawk
configure:2770: found /usr/bin/nawk
configure:2781: result: nawk
configure:2792: checking whether make sets $(MAKE)
configure:2814: result: yes
configure:2843: checking whether make supports nested variables
configure:2860: result: yes
configure:3000: checking whether make supports nested variables
configure:3017: result: yes
configure:3044: checking for style of include used by make
configure:3072: result: GNU
configure:3143: checking for gcc
configure:3173: result: no
configure:3236: checking for cc
configure:3257: found /usr/bin/cc
configure:3280: result: cc
configure:3399: checking for C compiler version
configure:3408: cc --version >&5
FreeBSD clang version 8.0.1 (tags/RELEASE_801/final 366581) (based on LLVM 8.0.1)
Target: x86_64-unknown-freebsd12.1
Thread model: posix
InstalledDir: /usr/bin
configure:3419: $? = 0
configure:3408: cc -v >&5
FreeBSD clang version 8.0.1 (tags/RELEASE_801/final 366581) (based on LLVM 8.0.1)
Target: x86_64-unknown-freebsd12.1
Thread model: posix
InstalledDir: /usr/bin
configure:3419: $? = 0
configure:3408: cc -V >&5
cc: error: argument to '-V' is missing (expected 1 value)
cc: error: no input files
configure:3419: $? = 1
configure:3408: cc -qversion >&5
cc: error: unknown argument '-qversion', did you mean '--version'?
cc: error: no input files
configure:3419: $? = 1
configure:3439: checking whether the C compiler works
configure:3461: cc -g -I/usr/local/include  -L/usr/local/lib conftest.c  >&5
configure:3465: $? = 0
configure:3513: result: yes
configure:3516: checking for C compiler default output file name
configure:3518: result: a.out
configure:3524: checking for suffix of executables
configure:3531: cc -o conftest -g -I/usr/local/include  -L/usr/local/lib conftest.c  >&5
configure:3535: $? = 0
configure:3557: result: 
configure:3579: checking whether we are cross compiling
configure:3587: cc -o conftest -g -I/usr/local/include  -L/usr/local/lib conftest.c  >&5
configure:3591: $? = 0
configure:3598: ./conftest
configure:3602: $? = 0
configure:3617: result: no
configure:3622: checking for suffix of object files
configure:3644: cc -c -g -I/usr/local/include  conftest.c >&5
configure:3648: $? = 0
configure:3669: result: o
configure:3673: checking whether we are using the GNU C compiler
configure:3692: cc -c -g -I/usr/local/include  conftest.c >&5
configure:3692: $? = 0
configure:3701: result: yes
configure:3710: checking whether cc accepts -g
configure:3730: cc -c -g  conftest.c >&5
configure:3730: $? = 0
configure:3771: result: yes
configure:3788: checking for cc option to accept ISO C89
configure:3851: cc  -c -g -I/usr/local/include  conftest.c >&5
configure:3851: $? = 0
configure:3864: result: none needed
configure:3889: checking whether cc understands -c and -o together
configure:3911: cc -c conftest.c -o conftest2.o
configure:3914: $? = 0
configure:3911: cc -c conftest.c -o conftest2.o
configure:3914: $? = 0
configure:3926: result: yes
configure:3945: checking dependency style of cc
configure:4056: result: gcc3
configure:4077: checking how to run the C preprocessor
configure:4108: cc -E  conftest.c
configure:4108: $? = 0
configure:4122: cc -E  conftest.c
conftest.c:11:10: fatal error: 'ac_nonexistent.h' file not found
#include <ac_nonexistent.h>
         ^~~~~~~~~~~~~~~~~~
1 error generated.
configure:4122: $? = 1
configure: failed program was:
| /* confdefs.h */
| #define PACKAGE_NAME "tinc"
| #define PACKAGE_TARNAME "tinc"
| #define PACKAGE_VERSION "UNKNOWN"
| #define PACKAGE_STRING "tinc UNKNOWN"
| #define PACKAGE_BUGREPORT ""
| #define PACKAGE_URL ""
| #define PACKAGE "tinc"
| #define VERSION "UNKNOWN"
| /* end confdefs.h.  */
| #include <ac_nonexistent.h>
configure:4147: result: cc -E
configure:4167: cc -E  conftest.c
configure:4167: $? = 0
configure:4181: cc -E  conftest.c
conftest.c:11:10: fatal error: 'ac_nonexistent.h' file not found
#include <ac_nonexistent.h>
         ^~~~~~~~~~~~~~~~~~
1 error generated.
configure:4181: $? = 1
configure: failed program was:
| /* confdefs.h */
| #define PACKAGE_NAME "tinc"
| #define PACKAGE_TARNAME "tinc"
| #define PACKAGE_VERSION "UNKNOWN"
| #define PACKAGE_STRING "tinc UNKNOWN"
| #define PACKAGE_BUGREPORT ""
| #define PACKAGE_URL ""
| #define PACKAGE "tinc"
| #define VERSION "UNKNOWN"
| /* end confdefs.h.  */
| #include <ac_nonexistent.h>
configure:4210: checking for grep that handles long lines and -e
configure:4268: result: /usr/bin/grep
configure:4273: checking for egrep
configure:4335: result: /usr/bin/grep -E
configure:4340: checking for ANSI C header files
configure:4360: cc -c -g -I/usr/local/include  conftest.c >&5
configure:4360: $? = 0
configure:4433: cc -o conftest -g -I/usr/local/include  -L/usr/local/lib conftest.c  >&5
configure:4433: $? = 0
configure:4433: ./conftest
configure:4433: $? = 0
configure:4444: result: yes
configure:4457: checking for sys/types.h
configure:4457: cc -c -g -I/usr/local/include  conftest.c >&5
configure:4457: $? = 0
configure:4457: result: yes
configure:4457: checking for sys/stat.h
configure:4457: cc -c -g -I/usr/local/include  conftest.c >&5
configure:4457: $? = 0
configure:4457: result: yes
configure:4457: checking for stdlib.h
configure:4457: cc -c -g -I/usr/local/include  conftest.c >&5
configure:4457: $? = 0
configure:4457: result: yes
configure:4457: checking for string.h
configure:4457: cc -c -g -I/usr/local/include  conftest.c >&5
configure:4457: $? = 0
configure:4457: result: yes
configure:4457: checking for memory.h
configure:4457: cc -c -g -I/usr/local/include  conftest.c >&5
configure:4457: $? = 0
configure:4457: result: yes
configure:4457: checking for strings.h
configure:4457: cc -c -g -I/usr/local/include  conftest.c >&5
configure:4457: $? = 0
configure:4457: result: yes
configure:4457: checking for inttypes.h
configure:4457: cc -c -g -I/usr/local/include  conftest.c >&5
configure:4457: $? = 0
configure:4457: result: yes
configure:4457: checking for stdint.h
configure:4457: cc -c -g -I/usr/local/include  conftest.c >&5
configure:4457: $? = 0
configure:4457: result: yes
configure:4457: checking for unistd.h
configure:4457: cc -c -g -I/usr/local/include  conftest.c >&5
configure:4457: $? = 0
configure:4457: result: yes
configure:4470: checking minix/config.h usability
configure:4470: cc -c -g -I/usr/local/include  conftest.c >&5
conftest.c:54:10: fatal error: 'minix/config.h' file not found
#include <minix/config.h>
         ^~~~~~~~~~~~~~~~
1 error generated.
configure:4470: $? = 1
configure: failed program was:
| /* confdefs.h */
| #define PACKAGE_NAME "tinc"
| #define PACKAGE_TARNAME "tinc"
| #define PACKAGE_VERSION "UNKNOWN"
| #define PACKAGE_STRING "tinc UNKNOWN"
| #define PACKAGE_BUGREPORT ""
| #define PACKAGE_URL ""
| #define PACKAGE "tinc"
| #define VERSION "UNKNOWN"
| #define STDC_HEADERS 1
| #define HAVE_SYS_TYPES_H 1
| #define HAVE_SYS_STAT_H 1
| #define HAVE_STDLIB_H 1
| #define HAVE_STRING_H 1
| #define HAVE_MEMORY_H 1
| #define HAVE_STRINGS_H 1
| #define HAVE_INTTYPES_H 1
| #define HAVE_STDINT_H 1
| #define HAVE_UNISTD_H 1
| /* end confdefs.h.  */
| #include <stdio.h>
| #ifdef HAVE_SYS_TYPES_H
| # include <sys/types.h>
| #endif
| #ifdef HAVE_SYS_STAT_H
| # include <sys/stat.h>
| #endif
| #ifdef STDC_HEADERS
| # include <stdlib.h>
| # include <stddef.h>
| #else
| # ifdef HAVE_STDLIB_H
| #  include <stdlib.h>
| # endif
| #endif
| #ifdef HAVE_STRING_H
| # if !defined STDC_HEADERS && defined HAVE_MEMORY_H
| #  include <memory.h>
| # endif
| # include <string.h>
| #endif
| #ifdef HAVE_STRINGS_H
| # include <strings.h>
| #endif
| #ifdef HAVE_INTTYPES_H
| # include <inttypes.h>
| #endif
| #ifdef HAVE_STDINT_H
| # include <stdint.h>
| #endif
| #ifdef HAVE_UNISTD_H
| # include <unistd.h>
| #endif
| #include <minix/config.h>
configure:4470: result: no
configure:4470: checking minix/config.h presence
configure:4470: cc -E  conftest.c
conftest.c:21:10: fatal error: 'minix/config.h' file not found
#include <minix/config.h>
         ^~~~~~~~~~~~~~~~
1 error generated.
configure:4470: $? = 1
configure: failed program was:
| /* confdefs.h */
| #define PACKAGE_NAME "tinc"
| #define PACKAGE_TARNAME "tinc"
| #define PACKAGE_VERSION "UNKNOWN"
| #define PACKAGE_STRING "tinc UNKNOWN"
| #define PACKAGE_BUGREPORT ""
| #define PACKAGE_URL ""
| #define PACKAGE "tinc"
| #define VERSION "UNKNOWN"
| #define STDC_HEADERS 1
| #define HAVE_SYS_TYPES_H 1
| #define HAVE_SYS_STAT_H 1
| #define HAVE_STDLIB_H 1
| #define HAVE_STRING_H 1
| #define HAVE_MEMORY_H 1
| #define HAVE_STRINGS_H 1
| #define HAVE_INTTYPES_H 1
| #define HAVE_STDINT_H 1
| #define HAVE_UNISTD_H 1
| /* end confdefs.h.  */
| #include <minix/config.h>
configure:4470: result: no
configure:4470: checking for minix/config.h
configure:4470: result: no
configure:4491: checking whether it is safe to define __EXTENSIONS__
configure:4509: cc -c -g -I/usr/local/include  conftest.c >&5
configure:4509: $? = 0
configure:4516: result: yes
configure:4535: checking for cc option to accept ISO C99
configure:4684: cc  -c -g -I/usr/local/include  conftest.c >&5
configure:4684: $? = 0
configure:4697: result: none needed
configure:4717: checking how to run the C preprocessor
configure:4787: result: cc -E
configure:4807: cc -E  conftest.c
configure:4807: $? = 0
configure:4821: cc -E  conftest.c
conftest.c:27:10: fatal error: 'ac_nonexistent.h' file not found
#include <ac_nonexistent.h>
         ^~~~~~~~~~~~~~~~~~
1 error generated.
configure:4821: $? = 1
configure: failed program was:
| /* confdefs.h */
| #define PACKAGE_NAME "tinc"
| #define PACKAGE_TARNAME "tinc"
| #define PACKAGE_VERSION "UNKNOWN"
| #define PACKAGE_STRING "tinc UNKNOWN"
| #define PACKAGE_BUGREPORT ""
| #define PACKAGE_URL ""
| #define PACKAGE "tinc"
| #define VERSION "UNKNOWN"
| #define STDC_HEADERS 1
| #define HAVE_SYS_TYPES_H 1
| #define HAVE_SYS_STAT_H 1
| #define HAVE_STDLIB_H 1
| #define HAVE_STRING_H 1
| #define HAVE_MEMORY_H 1
| #define HAVE_STRINGS_H 1
| #define HAVE_INTTYPES_H 1
| #define HAVE_STDINT_H 1
| #define HAVE_UNISTD_H 1
| #define __EXTENSIONS__ 1
| #define _ALL_SOURCE 1
| #define _GNU_SOURCE 1
| #define _POSIX_PTHREAD_SEMANTICS 1
| #define _TANDEM_SOURCE 1
| #define __USE_BSD 1
| /* end confdefs.h.  */
| #include <ac_nonexistent.h>
configure:4852: checking for a sed that does not truncate output
configure:4916: result: /usr/bin/sed
configure:4934: checking whether to build with code coverage support
configure:4954: result: no
configure:5300: checking build system type
configure:5314: result: x86_64-unknown-freebsd12.1
configure:5334: checking host system type
configure:5347: result: x86_64-unknown-freebsd12.1
configure:5701: checking CFLAGS for maximum warnings
configure:5721: cc -c -g -I/usr/local/include -warn all  -warn all  conftest.c >&5
cc: error: unknown argument: '-warn'
cc: error: unknown argument: '-warn'
cc: error: no such file or directory: 'all'
cc: error: no such file or directory: 'all'
configure:5721: $? = 1
configure: failed program was:
| /* confdefs.h */
| #define PACKAGE_NAME "tinc"
| #define PACKAGE_TARNAME "tinc"
| #define PACKAGE_VERSION "UNKNOWN"
| #define PACKAGE_STRING "tinc UNKNOWN"
| #define PACKAGE_BUGREPORT ""
| #define PACKAGE_URL ""
| #define PACKAGE "tinc"
| #define VERSION "UNKNOWN"
| #define STDC_HEADERS 1
| #define HAVE_SYS_TYPES_H 1
| #define HAVE_SYS_STAT_H 1
| #define HAVE_STDLIB_H 1
| #define HAVE_STRING_H 1
| #define HAVE_MEMORY_H 1
| #define HAVE_STRINGS_H 1
| #define HAVE_INTTYPES_H 1
| #define HAVE_STDINT_H 1
| #define HAVE_UNISTD_H 1
| #define __EXTENSIONS__ 1
| #define _ALL_SOURCE 1
| #define _GNU_SOURCE 1
| #define _POSIX_PTHREAD_SEMANTICS 1
| #define _TANDEM_SOURCE 1
| #define __USE_BSD 1
| #define HAVE_FREEBSD 1
| /* end confdefs.h.  */
| 
| int
| main ()
| {
| 
|   ;
|   return 0;
| }
configure:5721: cc -c -g -I/usr/local/include -pedantic  -Wall  conftest.c >&5
configure:5721: $? = 0
configure:5729: result: -Wall
configure:5749: : CFLAGS="$CFLAGS"
configure:5752: $? = 0
configure:5784: checking whether C compiler accepts -DFORTIFY_SOURCE=2
configure:5803: cc -c -g -I/usr/local/include -Wall  -DFORTIFY_SOURCE=2  conftest.c >&5
configure:5803: $? = 0
configure:5811: result: yes
configure:5819: checking whether C compiler accepts -fwrapv
configure:5838: cc -c -g -I/usr/local/include -Wall  -fwrapv  -DFORTIFY_SOURCE=2 conftest.c >&5
configure:5838: $? = 0
configure:5846: result: yes
configure:5964: checking whether C compiler accepts -fPIE
configure:5983: cc -c -g -I/usr/local/include -Wall  -fPIE  -DFORTIFY_SOURCE=2 -fwrapv conftest.c >&5
configure:5983: $? = 0
configure:5991: result: yes
configure:5999: checking whether the linker accepts -pie
configure:6018: cc -o conftest -g -I/usr/local/include -Wall  -DFORTIFY_SOURCE=2 -fwrapv -fPIE -L/usr/local/lib  -pie conftest.c  >&5
configure:6018: $? = 0
configure:6027: result: yes
configure:6037: checking whether the linker accepts -Wl,-z,relro
configure:6056: cc -o conftest -g -I/usr/local/include -Wall  -DFORTIFY_SOURCE=2 -fwrapv -fPIE -L/usr/local/lib -pie  -Wl,-z,relro conftest.c  >&5
configure:6056: $? = 0
configure:6065: result: yes
configure:6073: checking whether the linker accepts -Wl,-z,now
configure:6092: cc -o conftest -g -I/usr/local/include -Wall  -DFORTIFY_SOURCE=2 -fwrapv -fPIE -L/usr/local/lib -pie -Wl,-z,relro  -Wl,-z,now conftest.c  >&5
configure:6092: $? = 0
configure:6101: result: yes
configure:6117: checking syslog.h usability
configure:6117: cc -c -g -I/usr/local/include -Wall  -DFORTIFY_SOURCE=2 -fwrapv -fPIE conftest.c >&5
configure:6117: $? = 0
configure:6117: result: yes
configure:6117: checking syslog.h presence
configure:6117: cc -E  -DFORTIFY_SOURCE=2 -fwrapv -fPIE conftest.c
configure:6117: $? = 0
configure:6117: result: yes
configure:6117: checking for syslog.h
configure:6117: result: yes
configure:6117: checking sys/file.h usability
configure:6117: cc -c -g -I/usr/local/include -Wall  -DFORTIFY_SOURCE=2 -fwrapv -fPIE conftest.c >&5
configure:6117: $? = 0
configure:6117: result: yes
configure:6117: checking sys/file.h presence
configure:6117: cc -E  -DFORTIFY_SOURCE=2 -fwrapv -fPIE conftest.c
configure:6117: $? = 0
configure:6117: result: yes
configure:6117: checking for sys/file.h
configure:6117: result: yes
configure:6117: checking sys/ioctl.h usability
configure:6117: cc -c -g -I/usr/local/include -Wall  -DFORTIFY_SOURCE=2 -fwrapv -fPIE conftest.c >&5
configure:6117: $? = 0
configure:6117: result: yes
configure:6117: checking sys/ioctl.h presence
configure:6117: cc -E  -DFORTIFY_SOURCE=2 -fwrapv -fPIE conftest.c
configure:6117: $? = 0
configure:6117: result: yes
configure:6117: checking for sys/ioctl.h
configure:6117: result: yes
configure:6117: checking sys/mman.h usability
configure:6117: cc -c -g -I/usr/local/include -Wall  -DFORTIFY_SOURCE=2 -fwrapv -fPIE conftest.c >&5
configure:6117: $? = 0
configure:6117: result: yes
configure:6117: checking sys/mman.h presence
configure:6117: cc -E  -DFORTIFY_SOURCE=2 -fwrapv -fPIE conftest.c
configure:6117: $? = 0
configure:6117: result: yes
configure:6117: checking for sys/mman.h
configure:6117: result: yes
configure:6117: checking sys/param.h usability
configure:6117: cc -c -g -I/usr/local/include -Wall  -DFORTIFY_SOURCE=2 -fwrapv -fPIE conftest.c >&5
configure:6117: $? = 0
configure:6117: result: yes
configure:6117: checking sys/param.h presence
configure:6117: cc -E  -DFORTIFY_SOURCE=2 -fwrapv -fPIE conftest.c
configure:6117: $? = 0
configure:6117: result: yes
configure:6117: checking for sys/param.h
configure:6117: result: yes
configure:6117: checking sys/resource.h usability
configure:6117: cc -c -g -I/usr/local/include -Wall  -DFORTIFY_SOURCE=2 -fwrapv -fPIE conftest.c >&5
configure:6117: $? = 0
configure:6117: result: yes
configure:6117: checking sys/resource.h presence
configure:6117: cc -E  -DFORTIFY_SOURCE=2 -fwrapv -fPIE conftest.c
configure:6117: $? = 0
configure:6117: result: yes
configure:6117: checking for sys/resource.h
configure:6117: result: yes
configure:6117: checking sys/socket.h usability
configure:6117: cc -c -g -I/usr/local/include -Wall  -DFORTIFY_SOURCE=2 -fwrapv -fPIE conftest.c >&5
configure:6117: $? = 0
configure:6117: result: yes
configure:6117: checking sys/socket.h presence
configure:6117: cc -E  -DFORTIFY_SOURCE=2 -fwrapv -fPIE conftest.c
configure:6117: $? = 0
configure:6117: result: yes
configure:6117: checking for sys/socket.h
configure:6117: result: yes
configure:6117: checking sys/time.h usability
configure:6117: cc -c -g -I/usr/local/include -Wall  -DFORTIFY_SOURCE=2 -fwrapv -fPIE conftest.c >&5
configure:6117: $? = 0
configure:6117: result: yes
configure:6117: checking sys/time.h presence
configure:6117: cc -E  -DFORTIFY_SOURCE=2 -fwrapv -fPIE conftest.c
configure:6117: $? = 0
configure:6117: result: yes
configure:6117: checking for sys/time.h
configure:6117: result: yes
configure:6117: checking sys/un.h usability
configure:6117: cc -c -g -I/usr/local/include -Wall  -DFORTIFY_SOURCE=2 -fwrapv -fPIE conftest.c >&5
configure:6117: $? = 0
configure:6117: result: yes
configure:6117: checking sys/un.h presence
configure:6117: cc -E  -DFORTIFY_SOURCE=2 -fwrapv -fPIE conftest.c
configure:6117: $? = 0
configure:6117: result: yes
configure:6117: checking for sys/un.h
configure:6117: result: yes
configure:6117: checking sys/wait.h usability
configure:6117: cc -c -g -I/usr/local/include -Wall  -DFORTIFY_SOURCE=2 -fwrapv -fPIE conftest.c >&5
configure:6117: $? = 0
configure:6117: result: yes
configure:6117: checking sys/wait.h presence
configure:6117: cc -E  -DFORTIFY_SOURCE=2 -fwrapv -fPIE conftest.c
configure:6117: $? = 0
configure:6117: result: yes
configure:6117: checking for sys/wait.h
configure:6117: result: yes
configure:6117: checking netdb.h usability
configure:6117: cc -c -g -I/usr/local/include -Wall  -DFORTIFY_SOURCE=2 -fwrapv -fPIE conftest.c >&5
configure:6117: $? = 0
configure:6117: result: yes
configure:6117: checking netdb.h presence
configure:6117: cc -E  -DFORTIFY_SOURCE=2 -fwrapv -fPIE conftest.c
configure:6117: $? = 0
configure:6117: result: yes
configure:6117: checking for netdb.h
configure:6117: result: yes
configure:6117: checking arpa/inet.h usability
configure:6117: cc -c -g -I/usr/local/include -Wall  -DFORTIFY_SOURCE=2 -fwrapv -fPIE conftest.c >&5
configure:6117: $? = 0
configure:6117: result: yes
configure:6117: checking arpa/inet.h presence
configure:6117: cc -E  -DFORTIFY_SOURCE=2 -fwrapv -fPIE conftest.c
configure:6117: $? = 0
configure:6117: result: yes
configure:6117: checking for arpa/inet.h
configure:6117: result: yes
configure:6117: checking dirent.h usability
configure:6117: cc -c -g -I/usr/local/include -Wall  -DFORTIFY_SOURCE=2 -fwrapv -fPIE conftest.c >&5
configure:6117: $? = 0
configure:6117: result: yes
configure:6117: checking dirent.h presence
configure:6117: cc -E  -DFORTIFY_SOURCE=2 -fwrapv -fPIE conftest.c
configure:6117: $? = 0
configure:6117: result: yes
configure:6117: checking for dirent.h
configure:6117: result: yes
configure:6117: checking getopt.h usability
configure:6117: cc -c -g -I/usr/local/include -Wall  -DFORTIFY_SOURCE=2 -fwrapv -fPIE conftest.c >&5
configure:6117: $? = 0
configure:6117: result: yes
configure:6117: checking getopt.h presence
configure:6117: cc -E  -DFORTIFY_SOURCE=2 -fwrapv -fPIE conftest.c
configure:6117: $? = 0
configure:6117: result: yes
configure:6117: checking for getopt.h
configure:6117: result: yes
configure:6130: checking for net/if.h
configure:6130: cc -c -g -I/usr/local/include -Wall  -DFORTIFY_SOURCE=2 -fwrapv -fPIE conftest.c >&5
configure:6130: $? = 0
configure:6130: result: yes
configure:6130: checking for net/if_types.h
configure:6130: cc -c -g -I/usr/local/include -Wall  -DFORTIFY_SOURCE=2 -fwrapv -fPIE conftest.c >&5
configure:6130: $? = 0
configure:6130: result: yes
configure:6130: checking for net/ethernet.h
configure:6130: cc -c -g -I/usr/local/include -Wall  -DFORTIFY_SOURCE=2 -fwrapv -fPIE conftest.c >&5
configure:6130: $? = 0
configure:6130: result: yes
configure:6130: checking for net/if_arp.h
configure:6130: cc -c -g -I/usr/local/include -Wall  -DFORTIFY_SOURCE=2 -fwrapv -fPIE conftest.c >&5
configure:6130: $? = 0
configure:6130: result: yes
configure:6130: checking for netinet/in_systm.h
configure:6130: cc -c -g -I/usr/local/include -Wall  -DFORTIFY_SOURCE=2 -fwrapv -fPIE conftest.c >&5
configure:6130: $? = 0
configure:6130: result: yes
configure:6130: checking for netinet/in.h
configure:6130: cc -c -g -I/usr/local/include -Wall  -DFORTIFY_SOURCE=2 -fwrapv -fPIE conftest.c >&5
configure:6130: $? = 0
configure:6130: result: yes
configure:6130: checking for netinet/in6.h
configure:6130: cc -c -g -I/usr/local/include -Wall  -DFORTIFY_SOURCE=2 -fwrapv -fPIE conftest.c >&5
conftest.c:51:10: fatal error: 'netinet/in6.h' file not found
#include <netinet/in6.h>
         ^~~~~~~~~~~~~~~
1 error generated.
configure:6130: $? = 1
configure: failed program was:
| /* confdefs.h */
| #define PACKAGE_NAME "tinc"
| #define PACKAGE_TARNAME "tinc"
| #define PACKAGE_VERSION "UNKNOWN"
| #define PACKAGE_STRING "tinc UNKNOWN"
| #define PACKAGE_BUGREPORT ""
| #define PACKAGE_URL ""
| #define PACKAGE "tinc"
| #define VERSION "UNKNOWN"
| #define STDC_HEADERS 1
| #define HAVE_SYS_TYPES_H 1
| #define HAVE_SYS_STAT_H 1
| #define HAVE_STDLIB_H 1
| #define HAVE_STRING_H 1
| #define HAVE_MEMORY_H 1
| #define HAVE_STRINGS_H 1
| #define HAVE_INTTYPES_H 1
| #define HAVE_STDINT_H 1
| #define HAVE_UNISTD_H 1
| #define __EXTENSIONS__ 1
| #define _ALL_SOURCE 1
| #define _GNU_SOURCE 1
| #define _POSIX_PTHREAD_SEMANTICS 1
| #define _TANDEM_SOURCE 1
| #define __USE_BSD 1
| #define HAVE_FREEBSD 1
| #define HAVE_SYSLOG_H 1
| #define HAVE_SYS_FILE_H 1
| #define HAVE_SYS_IOCTL_H 1
| #define HAVE_SYS_MMAN_H 1
| #define HAVE_SYS_PARAM_H 1
| #define HAVE_SYS_RESOURCE_H 1
| #define HAVE_SYS_SOCKET_H 1
| #define HAVE_SYS_TIME_H 1
| #define HAVE_SYS_UN_H 1
| #define HAVE_SYS_WAIT_H 1
| #define HAVE_NETDB_H 1
| #define HAVE_ARPA_INET_H 1
| #define HAVE_DIRENT_H 1
| #define HAVE_GETOPT_H 1
| #define HAVE_NET_IF_H 1
| #define HAVE_NET_IF_TYPES_H 1
| #define HAVE_NET_ETHERNET_H 1
| #define HAVE_NET_IF_ARP_H 1
| #define HAVE_NETINET_IN_SYSTM_H 1
| #define HAVE_NETINET_IN_H 1
| /* end confdefs.h.  */
| #include "./src/have.h"
| 
| 
| #include <netinet/in6.h>
configure:6130: result: no
configure:6130: checking for netpacket/packet.h
configure:6130: cc -c -g -I/usr/local/include -Wall  -DFORTIFY_SOURCE=2 -fwrapv -fPIE conftest.c >&5
conftest.c:51:10: fatal error: 'netpacket/packet.h' file not found
#include <netpacket/packet.h>
         ^~~~~~~~~~~~~~~~~~~~
1 error generated.
configure:6130: $? = 1
configure: failed program was:
| /* confdefs.h */
| #define PACKAGE_NAME "tinc"
| #define PACKAGE_TARNAME "tinc"
| #define PACKAGE_VERSION "UNKNOWN"
| #define PACKAGE_STRING "tinc UNKNOWN"
| #define PACKAGE_BUGREPORT ""
| #define PACKAGE_URL ""
| #define PACKAGE "tinc"
| #define VERSION "UNKNOWN"
| #define STDC_HEADERS 1
| #define HAVE_SYS_TYPES_H 1
| #define HAVE_SYS_STAT_H 1
| #define HAVE_STDLIB_H 1
| #define HAVE_STRING_H 1
| #define HAVE_MEMORY_H 1
| #define HAVE_STRINGS_H 1
| #define HAVE_INTTYPES_H 1
| #define HAVE_STDINT_H 1
| #define HAVE_UNISTD_H 1
| #define __EXTENSIONS__ 1
| #define _ALL_SOURCE 1
| #define _GNU_SOURCE 1
| #define _POSIX_PTHREAD_SEMANTICS 1
| #define _TANDEM_SOURCE 1
| #define __USE_BSD 1
| #define HAVE_FREEBSD 1
| #define HAVE_SYSLOG_H 1
| #define HAVE_SYS_FILE_H 1
| #define HAVE_SYS_IOCTL_H 1
| #define HAVE_SYS_MMAN_H 1
| #define HAVE_SYS_PARAM_H 1
| #define HAVE_SYS_RESOURCE_H 1
| #define HAVE_SYS_SOCKET_H 1
| #define HAVE_SYS_TIME_H 1
| #define HAVE_SYS_UN_H 1
| #define HAVE_SYS_WAIT_H 1
| #define HAVE_NETDB_H 1
| #define HAVE_ARPA_INET_H 1
| #define HAVE_DIRENT_H 1
| #define HAVE_GETOPT_H 1
| #define HAVE_NET_IF_H 1
| #define HAVE_NET_IF_TYPES_H 1
| #define HAVE_NET_ETHERNET_H 1
| #define HAVE_NET_IF_ARP_H 1
| #define HAVE_NETINET_IN_SYSTM_H 1
| #define HAVE_NETINET_IN_H 1
| /* end confdefs.h.  */
| #include "./src/have.h"
| 
| 
| #include <netpacket/packet.h>
configure:6130: result: no
configure:6145: checking for netinet/if_ether.h
configure:6145: cc -c -g -I/usr/local/include -Wall  -DFORTIFY_SOURCE=2 -fwrapv -fPIE conftest.c >&5
configure:6145: $? = 0
configure:6145: result: yes
configure:6145: checking for netinet/ip.h
configure:6145: cc -c -g -I/usr/local/include -Wall  -DFORTIFY_SOURCE=2 -fwrapv -fPIE conftest.c >&5
configure:6145: $? = 0
configure:6145: result: yes
configure:6145: checking for netinet/ip6.h
configure:6145: cc -c -g -I/usr/local/include -Wall  -DFORTIFY_SOURCE=2 -fwrapv -fPIE conftest.c >&5
configure:6145: $? = 0
configure:6145: result: yes
configure:6145: checking for resolv.h
configure:6145: cc -c -g -I/usr/local/include -Wall  -DFORTIFY_SOURCE=2 -fwrapv -fPIE conftest.c >&5
configure:6145: $? = 0
configure:6145: result: yes
configure:6160: checking for netinet/tcp.h
configure:6160: cc -c -g -I/usr/local/include -Wall  -DFORTIFY_SOURCE=2 -fwrapv -fPIE conftest.c >&5
configure:6160: $? = 0
configure:6160: result: yes
configure:6160: checking for netinet/ip_icmp.h
configure:6160: cc -c -g -I/usr/local/include -Wall  -DFORTIFY_SOURCE=2 -fwrapv -fPIE conftest.c >&5
configure:6160: $? = 0
configure:6160: result: yes
configure:6160: checking for netinet/icmp6.h
configure:6160: cc -c -g -I/usr/local/include -Wall  -DFORTIFY_SOURCE=2 -fwrapv -fPIE conftest.c >&5
configure:6160: $? = 0
configure:6160: result: yes
configure:6174: checking for working __malloc__ attribute
configure:6188: cc -c -g -I/usr/local/include -Wall -Wall -Werror  -DFORTIFY_SOURCE=2 -fwrapv -fPIE conftest.c >&5
configure:6188: $? = 0
configure:6198: result: yes
configure:6208: checking for working __warn_unused_result__ attribute
configure:6222: cc -c -g -I/usr/local/include -Wall -Wall -Werror  -DFORTIFY_SOURCE=2 -fwrapv -fPIE conftest.c >&5
configure:6222: $? = 0
configure:6232: result: yes
configure:6242: checking for struct ether_header
configure:6242: cc -c -g -I/usr/local/include -Wall  -DFORTIFY_SOURCE=2 -fwrapv -fPIE conftest.c >&5
configure:6242: $? = 0
configure:6242: cc -c -g -I/usr/local/include -Wall  -DFORTIFY_SOURCE=2 -fwrapv -fPIE conftest.c >&5
conftest.c:61:34: error: expected expression
if (sizeof ((struct ether_header)))
                                 ^
1 error generated.
configure:6242: $? = 1
configure: failed program was:
| /* confdefs.h */
| #define PACKAGE_NAME "tinc"
| #define PACKAGE_TARNAME "tinc"
| #define PACKAGE_VERSION "UNKNOWN"
| #define PACKAGE_STRING "tinc UNKNOWN"
| #define PACKAGE_BUGREPORT ""
| #define PACKAGE_URL ""
| #define PACKAGE "tinc"
| #define VERSION "UNKNOWN"
| #define STDC_HEADERS 1
| #define HAVE_SYS_TYPES_H 1
| #define HAVE_SYS_STAT_H 1
| #define HAVE_STDLIB_H 1
| #define HAVE_STRING_H 1
| #define HAVE_MEMORY_H 1
| #define HAVE_STRINGS_H 1
| #define HAVE_INTTYPES_H 1
| #define HAVE_STDINT_H 1
| #define HAVE_UNISTD_H 1
| #define __EXTENSIONS__ 1
| #define _ALL_SOURCE 1
| #define _GNU_SOURCE 1
| #define _POSIX_PTHREAD_SEMANTICS 1
| #define _TANDEM_SOURCE 1
| #define __USE_BSD 1
| #define HAVE_FREEBSD 1
| #define HAVE_SYSLOG_H 1
| #define HAVE_SYS_FILE_H 1
| #define HAVE_SYS_IOCTL_H 1
| #define HAVE_SYS_MMAN_H 1
| #define HAVE_SYS_PARAM_H 1
| #define HAVE_SYS_RESOURCE_H 1
| #define HAVE_SYS_SOCKET_H 1
| #define HAVE_SYS_TIME_H 1
| #define HAVE_SYS_UN_H 1
| #define HAVE_SYS_WAIT_H 1
| #define HAVE_NETDB_H 1
| #define HAVE_ARPA_INET_H 1
| #define HAVE_DIRENT_H 1
| #define HAVE_GETOPT_H 1
| #define HAVE_NET_IF_H 1
| #define HAVE_NET_IF_TYPES_H 1
| #define HAVE_NET_ETHERNET_H 1
| #define HAVE_NET_IF_ARP_H 1
| #define HAVE_NETINET_IN_SYSTM_H 1
| #define HAVE_NETINET_IN_H 1
| #define HAVE_NETINET_IF_ETHER_H 1
| #define HAVE_NETINET_IP_H 1
| #define HAVE_NETINET_IP6_H 1
| #define HAVE_RESOLV_H 1
| #define HAVE_NETINET_TCP_H 1
| #define HAVE_NETINET_IP_ICMP_H 1
| #define HAVE_NETINET_ICMP6_H 1
| /* end confdefs.h.  */
| #include "./src/have.h"
| 
| 
| int
| main ()
| {
| if (sizeof ((struct ether_header)))
| 	    return 0;
|   ;
|   return 0;
| }
configure:6242: result: yes
configure:6253: checking for struct arphdr
configure:6253: cc -c -g -I/usr/local/include -Wall  -DFORTIFY_SOURCE=2 -fwrapv -fPIE conftest.c >&5
configure:6253: $? = 0
configure:6253: cc -c -g -I/usr/local/include -Wall  -DFORTIFY_SOURCE=2 -fwrapv -fPIE conftest.c >&5
conftest.c:62:28: error: expected expression
if (sizeof ((struct arphdr)))
                           ^
1 error generated.
configure:6253: $? = 1
configure: failed program was:
| /* confdefs.h */
| #define PACKAGE_NAME "tinc"
| #define PACKAGE_TARNAME "tinc"
| #define PACKAGE_VERSION "UNKNOWN"
| #define PACKAGE_STRING "tinc UNKNOWN"
| #define PACKAGE_BUGREPORT ""
| #define PACKAGE_URL ""
| #define PACKAGE "tinc"
| #define VERSION "UNKNOWN"
| #define STDC_HEADERS 1
| #define HAVE_SYS_TYPES_H 1
| #define HAVE_SYS_STAT_H 1
| #define HAVE_STDLIB_H 1
| #define HAVE_STRING_H 1
| #define HAVE_MEMORY_H 1
| #define HAVE_STRINGS_H 1
| #define HAVE_INTTYPES_H 1
| #define HAVE_STDINT_H 1
| #define HAVE_UNISTD_H 1
| #define __EXTENSIONS__ 1
| #define _ALL_SOURCE 1
| #define _GNU_SOURCE 1
| #define _POSIX_PTHREAD_SEMANTICS 1
| #define _TANDEM_SOURCE 1
| #define __USE_BSD 1
| #define HAVE_FREEBSD 1
| #define HAVE_SYSLOG_H 1
| #define HAVE_SYS_FILE_H 1
| #define HAVE_SYS_IOCTL_H 1
| #define HAVE_SYS_MMAN_H 1
| #define HAVE_SYS_PARAM_H 1
| #define HAVE_SYS_RESOURCE_H 1
| #define HAVE_SYS_SOCKET_H 1
| #define HAVE_SYS_TIME_H 1
| #define HAVE_SYS_UN_H 1
| #define HAVE_SYS_WAIT_H 1
| #define HAVE_NETDB_H 1
| #define HAVE_ARPA_INET_H 1
| #define HAVE_DIRENT_H 1
| #define HAVE_GETOPT_H 1
| #define HAVE_NET_IF_H 1
| #define HAVE_NET_IF_TYPES_H 1
| #define HAVE_NET_ETHERNET_H 1
| #define HAVE_NET_IF_ARP_H 1
| #define HAVE_NETINET_IN_SYSTM_H 1
| #define HAVE_NETINET_IN_H 1
| #define HAVE_NETINET_IF_ETHER_H 1
| #define HAVE_NETINET_IP_H 1
| #define HAVE_NETINET_IP6_H 1
| #define HAVE_RESOLV_H 1
| #define HAVE_NETINET_TCP_H 1
| #define HAVE_NETINET_IP_ICMP_H 1
| #define HAVE_NETINET_ICMP6_H 1
| #define HAVE_STRUCT_ETHER_HEADER 1
| /* end confdefs.h.  */
| #include "./src/have.h"
| 
| 
| int
| main ()
| {
| if (sizeof ((struct arphdr)))
| 	    return 0;
|   ;
|   return 0;
| }
configure:6253: result: yes
configure:6264: checking for struct ether_arp
configure:6264: cc -c -g -I/usr/local/include -Wall  -DFORTIFY_SOURCE=2 -fwrapv -fPIE conftest.c >&5
configure:6264: $? = 0
configure:6264: cc -c -g -I/usr/local/include -Wall  -DFORTIFY_SOURCE=2 -fwrapv -fPIE conftest.c >&5
conftest.c:63:31: error: expected expression
if (sizeof ((struct ether_arp)))
                              ^
1 error generated.
configure:6264: $? = 1
configure: failed program was:
| /* confdefs.h */
| #define PACKAGE_NAME "tinc"
| #define PACKAGE_TARNAME "tinc"
| #define PACKAGE_VERSION "UNKNOWN"
| #define PACKAGE_STRING "tinc UNKNOWN"
| #define PACKAGE_BUGREPORT ""
| #define PACKAGE_URL ""
| #define PACKAGE "tinc"
| #define VERSION "UNKNOWN"
| #define STDC_HEADERS 1
| #define HAVE_SYS_TYPES_H 1
| #define HAVE_SYS_STAT_H 1
| #define HAVE_STDLIB_H 1
| #define HAVE_STRING_H 1
| #define HAVE_MEMORY_H 1
| #define HAVE_STRINGS_H 1
| #define HAVE_INTTYPES_H 1
| #define HAVE_STDINT_H 1
| #define HAVE_UNISTD_H 1
| #define __EXTENSIONS__ 1
| #define _ALL_SOURCE 1
| #define _GNU_SOURCE 1
| #define _POSIX_PTHREAD_SEMANTICS 1
| #define _TANDEM_SOURCE 1
| #define __USE_BSD 1
| #define HAVE_FREEBSD 1
| #define HAVE_SYSLOG_H 1
| #define HAVE_SYS_FILE_H 1
| #define HAVE_SYS_IOCTL_H 1
| #define HAVE_SYS_MMAN_H 1
| #define HAVE_SYS_PARAM_H 1
| #define HAVE_SYS_RESOURCE_H 1
| #define HAVE_SYS_SOCKET_H 1
| #define HAVE_SYS_TIME_H 1
| #define HAVE_SYS_UN_H 1
| #define HAVE_SYS_WAIT_H 1
| #define HAVE_NETDB_H 1
| #define HAVE_ARPA_INET_H 1
| #define HAVE_DIRENT_H 1
| #define HAVE_GETOPT_H 1
| #define HAVE_NET_IF_H 1
| #define HAVE_NET_IF_TYPES_H 1
| #define HAVE_NET_ETHERNET_H 1
| #define HAVE_NET_IF_ARP_H 1
| #define HAVE_NETINET_IN_SYSTM_H 1
| #define HAVE_NETINET_IN_H 1
| #define HAVE_NETINET_IF_ETHER_H 1
| #define HAVE_NETINET_IP_H 1
| #define HAVE_NETINET_IP6_H 1
| #define HAVE_RESOLV_H 1
| #define HAVE_NETINET_TCP_H 1
| #define HAVE_NETINET_IP_ICMP_H 1
| #define HAVE_NETINET_ICMP6_H 1
| #define HAVE_STRUCT_ETHER_HEADER 1
| #define HAVE_STRUCT_ARPHDR 1
| /* end confdefs.h.  */
| #include "./src/have.h"
| 
| 
| int
| main ()
| {
| if (sizeof ((struct ether_arp)))
| 	    return 0;
|   ;
|   return 0;
| }
configure:6264: result: yes
configure:6275: checking for struct ip
configure:6275: cc -c -g -I/usr/local/include -Wall  -DFORTIFY_SOURCE=2 -fwrapv -fPIE conftest.c >&5
configure:6275: $? = 0
configure:6275: cc -c -g -I/usr/local/include -Wall  -DFORTIFY_SOURCE=2 -fwrapv -fPIE conftest.c >&5
conftest.c:64:24: error: expected expression
if (sizeof ((struct ip)))
                       ^
1 error generated.
configure:6275: $? = 1
configure: failed program was:
| /* confdefs.h */
| #define PACKAGE_NAME "tinc"
| #define PACKAGE_TARNAME "tinc"
| #define PACKAGE_VERSION "UNKNOWN"
| #define PACKAGE_STRING "tinc UNKNOWN"
| #define PACKAGE_BUGREPORT ""
| #define PACKAGE_URL ""
| #define PACKAGE "tinc"
| #define VERSION "UNKNOWN"
| #define STDC_HEADERS 1
| #define HAVE_SYS_TYPES_H 1
| #define HAVE_SYS_STAT_H 1
| #define HAVE_STDLIB_H 1
| #define HAVE_STRING_H 1
| #define HAVE_MEMORY_H 1
| #define HAVE_STRINGS_H 1
| #define HAVE_INTTYPES_H 1
| #define HAVE_STDINT_H 1
| #define HAVE_UNISTD_H 1
| #define __EXTENSIONS__ 1
| #define _ALL_SOURCE 1
| #define _GNU_SOURCE 1
| #define _POSIX_PTHREAD_SEMANTICS 1
| #define _TANDEM_SOURCE 1
| #define __USE_BSD 1
| #define HAVE_FREEBSD 1
| #define HAVE_SYSLOG_H 1
| #define HAVE_SYS_FILE_H 1
| #define HAVE_SYS_IOCTL_H 1
| #define HAVE_SYS_MMAN_H 1
| #define HAVE_SYS_PARAM_H 1
| #define HAVE_SYS_RESOURCE_H 1
| #define HAVE_SYS_SOCKET_H 1
| #define HAVE_SYS_TIME_H 1
| #define HAVE_SYS_UN_H 1
| #define HAVE_SYS_WAIT_H 1
| #define HAVE_NETDB_H 1
| #define HAVE_ARPA_INET_H 1
| #define HAVE_DIRENT_H 1
| #define HAVE_GETOPT_H 1
| #define HAVE_NET_IF_H 1
| #define HAVE_NET_IF_TYPES_H 1
| #define HAVE_NET_ETHERNET_H 1
| #define HAVE_NET_IF_ARP_H 1
| #define HAVE_NETINET_IN_SYSTM_H 1
| #define HAVE_NETINET_IN_H 1
| #define HAVE_NETINET_IF_ETHER_H 1
| #define HAVE_NETINET_IP_H 1
| #define HAVE_NETINET_IP6_H 1
| #define HAVE_RESOLV_H 1
| #define HAVE_NETINET_TCP_H 1
| #define HAVE_NETINET_IP_ICMP_H 1
| #define HAVE_NETINET_ICMP6_H 1
| #define HAVE_STRUCT_ETHER_HEADER 1
| #define HAVE_STRUCT_ARPHDR 1
| #define HAVE_STRUCT_ETHER_ARP 1
| /* end confdefs.h.  */
| #include "./src/have.h"
| 
| 
| int
| main ()
| {
| if (sizeof ((struct ip)))
| 	    return 0;
|   ;
|   return 0;
| }
configure:6275: result: yes
configure:6286: checking for struct icmp
configure:6286: cc -c -g -I/usr/local/include -Wall  -DFORTIFY_SOURCE=2 -fwrapv -fPIE conftest.c >&5
configure:6286: $? = 0
configure:6286: cc -c -g -I/usr/local/include -Wall  -DFORTIFY_SOURCE=2 -fwrapv -fPIE conftest.c >&5
conftest.c:65:26: error: expected expression
if (sizeof ((struct icmp)))
                         ^
1 error generated.
configure:6286: $? = 1
configure: failed program was:
| /* confdefs.h */
| #define PACKAGE_NAME "tinc"
| #define PACKAGE_TARNAME "tinc"
| #define PACKAGE_VERSION "UNKNOWN"
| #define PACKAGE_STRING "tinc UNKNOWN"
| #define PACKAGE_BUGREPORT ""
| #define PACKAGE_URL ""
| #define PACKAGE "tinc"
| #define VERSION "UNKNOWN"
| #define STDC_HEADERS 1
| #define HAVE_SYS_TYPES_H 1
| #define HAVE_SYS_STAT_H 1
| #define HAVE_STDLIB_H 1
| #define HAVE_STRING_H 1
| #define HAVE_MEMORY_H 1
| #define HAVE_STRINGS_H 1
| #define HAVE_INTTYPES_H 1
| #define HAVE_STDINT_H 1
| #define HAVE_UNISTD_H 1
| #define __EXTENSIONS__ 1
| #define _ALL_SOURCE 1
| #define _GNU_SOURCE 1
| #define _POSIX_PTHREAD_SEMANTICS 1
| #define _TANDEM_SOURCE 1
| #define __USE_BSD 1
| #define HAVE_FREEBSD 1
| #define HAVE_SYSLOG_H 1
| #define HAVE_SYS_FILE_H 1
| #define HAVE_SYS_IOCTL_H 1
| #define HAVE_SYS_MMAN_H 1
| #define HAVE_SYS_PARAM_H 1
| #define HAVE_SYS_RESOURCE_H 1
| #define HAVE_SYS_SOCKET_H 1
| #define HAVE_SYS_TIME_H 1
| #define HAVE_SYS_UN_H 1
| #define HAVE_SYS_WAIT_H 1
| #define HAVE_NETDB_H 1
| #define HAVE_ARPA_INET_H 1
| #define HAVE_DIRENT_H 1
| #define HAVE_GETOPT_H 1
| #define HAVE_NET_IF_H 1
| #define HAVE_NET_IF_TYPES_H 1
| #define HAVE_NET_ETHERNET_H 1
| #define HAVE_NET_IF_ARP_H 1
| #define HAVE_NETINET_IN_SYSTM_H 1
| #define HAVE_NETINET_IN_H 1
| #define HAVE_NETINET_IF_ETHER_H 1
| #define HAVE_NETINET_IP_H 1
| #define HAVE_NETINET_IP6_H 1
| #define HAVE_RESOLV_H 1
| #define HAVE_NETINET_TCP_H 1
| #define HAVE_NETINET_IP_ICMP_H 1
| #define HAVE_NETINET_ICMP6_H 1
| #define HAVE_STRUCT_ETHER_HEADER 1
| #define HAVE_STRUCT_ARPHDR 1
| #define HAVE_STRUCT_ETHER_ARP 1
| #define HAVE_STRUCT_IP 1
| /* end confdefs.h.  */
| #include "./src/have.h"
| 
| 
| int
| main ()
| {
| if (sizeof ((struct icmp)))
| 	    return 0;
|   ;
|   return 0;
| }
configure:6286: result: yes
configure:6297: checking for struct ip6_hdr
configure:6297: cc -c -g -I/usr/local/include -Wall  -DFORTIFY_SOURCE=2 -fwrapv -fPIE conftest.c >&5
configure:6297: $? = 0
configure:6297: cc -c -g -I/usr/local/include -Wall  -DFORTIFY_SOURCE=2 -fwrapv -fPIE conftest.c >&5
conftest.c:66:29: error: expected expression
if (sizeof ((struct ip6_hdr)))
                            ^
1 error generated.
configure:6297: $? = 1
configure: failed program was:
| /* confdefs.h */
| #define PACKAGE_NAME "tinc"
| #define PACKAGE_TARNAME "tinc"
| #define PACKAGE_VERSION "UNKNOWN"
| #define PACKAGE_STRING "tinc UNKNOWN"
| #define PACKAGE_BUGREPORT ""
| #define PACKAGE_URL ""
| #define PACKAGE "tinc"
| #define VERSION "UNKNOWN"
| #define STDC_HEADERS 1
| #define HAVE_SYS_TYPES_H 1
| #define HAVE_SYS_STAT_H 1
| #define HAVE_STDLIB_H 1
| #define HAVE_STRING_H 1
| #define HAVE_MEMORY_H 1
| #define HAVE_STRINGS_H 1
| #define HAVE_INTTYPES_H 1
| #define HAVE_STDINT_H 1
| #define HAVE_UNISTD_H 1
| #define __EXTENSIONS__ 1
| #define _ALL_SOURCE 1
| #define _GNU_SOURCE 1
| #define _POSIX_PTHREAD_SEMANTICS 1
| #define _TANDEM_SOURCE 1
| #define __USE_BSD 1
| #define HAVE_FREEBSD 1
| #define HAVE_SYSLOG_H 1
| #define HAVE_SYS_FILE_H 1
| #define HAVE_SYS_IOCTL_H 1
| #define HAVE_SYS_MMAN_H 1
| #define HAVE_SYS_PARAM_H 1
| #define HAVE_SYS_RESOURCE_H 1
| #define HAVE_SYS_SOCKET_H 1
| #define HAVE_SYS_TIME_H 1
| #define HAVE_SYS_UN_H 1
| #define HAVE_SYS_WAIT_H 1
| #define HAVE_NETDB_H 1
| #define HAVE_ARPA_INET_H 1
| #define HAVE_DIRENT_H 1
| #define HAVE_GETOPT_H 1
| #define HAVE_NET_IF_H 1
| #define HAVE_NET_IF_TYPES_H 1
| #define HAVE_NET_ETHERNET_H 1
| #define HAVE_NET_IF_ARP_H 1
| #define HAVE_NETINET_IN_SYSTM_H 1
| #define HAVE_NETINET_IN_H 1
| #define HAVE_NETINET_IF_ETHER_H 1
| #define HAVE_NETINET_IP_H 1
| #define HAVE_NETINET_IP6_H 1
| #define HAVE_RESOLV_H 1
| #define HAVE_NETINET_TCP_H 1
| #define HAVE_NETINET_IP_ICMP_H 1
| #define HAVE_NETINET_ICMP6_H 1
| #define HAVE_STRUCT_ETHER_HEADER 1
| #define HAVE_STRUCT_ARPHDR 1
| #define HAVE_STRUCT_ETHER_ARP 1
| #define HAVE_STRUCT_IP 1
| #define HAVE_STRUCT_ICMP 1
| /* end confdefs.h.  */
| #include "./src/have.h"
| 
| 
| int
| main ()
| {
| if (sizeof ((struct ip6_hdr)))
| 	    return 0;
|   ;
|   return 0;
| }
configure:6297: result: yes
configure:6308: checking for struct icmp6_hdr
configure:6308: cc -c -g -I/usr/local/include -Wall  -DFORTIFY_SOURCE=2 -fwrapv -fPIE conftest.c >&5
configure:6308: $? = 0
configure:6308: cc -c -g -I/usr/local/include -Wall  -DFORTIFY_SOURCE=2 -fwrapv -fPIE conftest.c >&5
conftest.c:67:31: error: expected expression
if (sizeof ((struct icmp6_hdr)))
                              ^
1 error generated.
configure:6308: $? = 1
configure: failed program was:
| /* confdefs.h */
| #define PACKAGE_NAME "tinc"
| #define PACKAGE_TARNAME "tinc"
| #define PACKAGE_VERSION "UNKNOWN"
| #define PACKAGE_STRING "tinc UNKNOWN"
| #define PACKAGE_BUGREPORT ""
| #define PACKAGE_URL ""
| #define PACKAGE "tinc"
| #define VERSION "UNKNOWN"
| #define STDC_HEADERS 1
| #define HAVE_SYS_TYPES_H 1
| #define HAVE_SYS_STAT_H 1
| #define HAVE_STDLIB_H 1
| #define HAVE_STRING_H 1
| #define HAVE_MEMORY_H 1
| #define HAVE_STRINGS_H 1
| #define HAVE_INTTYPES_H 1
| #define HAVE_STDINT_H 1
| #define HAVE_UNISTD_H 1
| #define __EXTENSIONS__ 1
| #define _ALL_SOURCE 1
| #define _GNU_SOURCE 1
| #define _POSIX_PTHREAD_SEMANTICS 1
| #define _TANDEM_SOURCE 1
| #define __USE_BSD 1
| #define HAVE_FREEBSD 1
| #define HAVE_SYSLOG_H 1
| #define HAVE_SYS_FILE_H 1
| #define HAVE_SYS_IOCTL_H 1
| #define HAVE_SYS_MMAN_H 1
| #define HAVE_SYS_PARAM_H 1
| #define HAVE_SYS_RESOURCE_H 1
| #define HAVE_SYS_SOCKET_H 1
| #define HAVE_SYS_TIME_H 1
| #define HAVE_SYS_UN_H 1
| #define HAVE_SYS_WAIT_H 1
| #define HAVE_NETDB_H 1
| #define HAVE_ARPA_INET_H 1
| #define HAVE_DIRENT_H 1
| #define HAVE_GETOPT_H 1
| #define HAVE_NET_IF_H 1
| #define HAVE_NET_IF_TYPES_H 1
| #define HAVE_NET_ETHERNET_H 1
| #define HAVE_NET_IF_ARP_H 1
| #define HAVE_NETINET_IN_SYSTM_H 1
| #define HAVE_NETINET_IN_H 1
| #define HAVE_NETINET_IF_ETHER_H 1
| #define HAVE_NETINET_IP_H 1
| #define HAVE_NETINET_IP6_H 1
| #define HAVE_RESOLV_H 1
| #define HAVE_NETINET_TCP_H 1
| #define HAVE_NETINET_IP_ICMP_H 1
| #define HAVE_NETINET_ICMP6_H 1
| #define HAVE_STRUCT_ETHER_HEADER 1
| #define HAVE_STRUCT_ARPHDR 1
| #define HAVE_STRUCT_ETHER_ARP 1
| #define HAVE_STRUCT_IP 1
| #define HAVE_STRUCT_ICMP 1
| #define HAVE_STRUCT_IP6_HDR 1
| /* end confdefs.h.  */
| #include "./src/have.h"
| 
| 
| int
| main ()
| {
| if (sizeof ((struct icmp6_hdr)))
| 	    return 0;
|   ;
|   return 0;
| }
configure:6308: result: yes
configure:6319: checking for struct nd_neighbor_solicit
configure:6319: cc -c -g -I/usr/local/include -Wall  -DFORTIFY_SOURCE=2 -fwrapv -fPIE conftest.c >&5
configure:6319: $? = 0
configure:6319: cc -c -g -I/usr/local/include -Wall  -DFORTIFY_SOURCE=2 -fwrapv -fPIE conftest.c >&5
conftest.c:68:41: error: expected expression
if (sizeof ((struct nd_neighbor_solicit)))
                                        ^
1 error generated.
configure:6319: $? = 1
configure: failed program was:
| /* confdefs.h */
| #define PACKAGE_NAME "tinc"
| #define PACKAGE_TARNAME "tinc"
| #define PACKAGE_VERSION "UNKNOWN"
| #define PACKAGE_STRING "tinc UNKNOWN"
| #define PACKAGE_BUGREPORT ""
| #define PACKAGE_URL ""
| #define PACKAGE "tinc"
| #define VERSION "UNKNOWN"
| #define STDC_HEADERS 1
| #define HAVE_SYS_TYPES_H 1
| #define HAVE_SYS_STAT_H 1
| #define HAVE_STDLIB_H 1
| #define HAVE_STRING_H 1
| #define HAVE_MEMORY_H 1
| #define HAVE_STRINGS_H 1
| #define HAVE_INTTYPES_H 1
| #define HAVE_STDINT_H 1
| #define HAVE_UNISTD_H 1
| #define __EXTENSIONS__ 1
| #define _ALL_SOURCE 1
| #define _GNU_SOURCE 1
| #define _POSIX_PTHREAD_SEMANTICS 1
| #define _TANDEM_SOURCE 1
| #define __USE_BSD 1
| #define HAVE_FREEBSD 1
| #define HAVE_SYSLOG_H 1
| #define HAVE_SYS_FILE_H 1
| #define HAVE_SYS_IOCTL_H 1
| #define HAVE_SYS_MMAN_H 1
| #define HAVE_SYS_PARAM_H 1
| #define HAVE_SYS_RESOURCE_H 1
| #define HAVE_SYS_SOCKET_H 1
| #define HAVE_SYS_TIME_H 1
| #define HAVE_SYS_UN_H 1
| #define HAVE_SYS_WAIT_H 1
| #define HAVE_NETDB_H 1
| #define HAVE_ARPA_INET_H 1
| #define HAVE_DIRENT_H 1
| #define HAVE_GETOPT_H 1
| #define HAVE_NET_IF_H 1
| #define HAVE_NET_IF_TYPES_H 1
| #define HAVE_NET_ETHERNET_H 1
| #define HAVE_NET_IF_ARP_H 1
| #define HAVE_NETINET_IN_SYSTM_H 1
| #define HAVE_NETINET_IN_H 1
| #define HAVE_NETINET_IF_ETHER_H 1
| #define HAVE_NETINET_IP_H 1
| #define HAVE_NETINET_IP6_H 1
| #define HAVE_RESOLV_H 1
| #define HAVE_NETINET_TCP_H 1
| #define HAVE_NETINET_IP_ICMP_H 1
| #define HAVE_NETINET_ICMP6_H 1
| #define HAVE_STRUCT_ETHER_HEADER 1
| #define HAVE_STRUCT_ARPHDR 1
| #define HAVE_STRUCT_ETHER_ARP 1
| #define HAVE_STRUCT_IP 1
| #define HAVE_STRUCT_ICMP 1
| #define HAVE_STRUCT_IP6_HDR 1
| #define HAVE_STRUCT_ICMP6_HDR 1
| /* end confdefs.h.  */
| #include "./src/have.h"
| 
| 
| int
| main ()
| {
| if (sizeof ((struct nd_neighbor_solicit)))
| 	    return 0;
|   ;
|   return 0;
| }
configure:6319: result: yes
configure:6330: checking for struct nd_opt_hdr
configure:6330: cc -c -g -I/usr/local/include -Wall  -DFORTIFY_SOURCE=2 -fwrapv -fPIE conftest.c >&5
configure:6330: $? = 0
configure:6330: cc -c -g -I/usr/local/include -Wall  -DFORTIFY_SOURCE=2 -fwrapv -fPIE conftest.c >&5
conftest.c:69:32: error: expected expression
if (sizeof ((struct nd_opt_hdr)))
                               ^
1 error generated.
configure:6330: $? = 1
configure: failed program was:
| /* confdefs.h */
| #define PACKAGE_NAME "tinc"
| #define PACKAGE_TARNAME "tinc"
| #define PACKAGE_VERSION "UNKNOWN"
| #define PACKAGE_STRING "tinc UNKNOWN"
| #define PACKAGE_BUGREPORT ""
| #define PACKAGE_URL ""
| #define PACKAGE "tinc"
| #define VERSION "UNKNOWN"
| #define STDC_HEADERS 1
| #define HAVE_SYS_TYPES_H 1
| #define HAVE_SYS_STAT_H 1
| #define HAVE_STDLIB_H 1
| #define HAVE_STRING_H 1
| #define HAVE_MEMORY_H 1
| #define HAVE_STRINGS_H 1
| #define HAVE_INTTYPES_H 1
| #define HAVE_STDINT_H 1
| #define HAVE_UNISTD_H 1
| #define __EXTENSIONS__ 1
| #define _ALL_SOURCE 1
| #define _GNU_SOURCE 1
| #define _POSIX_PTHREAD_SEMANTICS 1
| #define _TANDEM_SOURCE 1
| #define __USE_BSD 1
| #define HAVE_FREEBSD 1
| #define HAVE_SYSLOG_H 1
| #define HAVE_SYS_FILE_H 1
| #define HAVE_SYS_IOCTL_H 1
| #define HAVE_SYS_MMAN_H 1
| #define HAVE_SYS_PARAM_H 1
| #define HAVE_SYS_RESOURCE_H 1
| #define HAVE_SYS_SOCKET_H 1
| #define HAVE_SYS_TIME_H 1
| #define HAVE_SYS_UN_H 1
| #define HAVE_SYS_WAIT_H 1
| #define HAVE_NETDB_H 1
| #define HAVE_ARPA_INET_H 1
| #define HAVE_DIRENT_H 1
| #define HAVE_GETOPT_H 1
| #define HAVE_NET_IF_H 1
| #define HAVE_NET_IF_TYPES_H 1
| #define HAVE_NET_ETHERNET_H 1
| #define HAVE_NET_IF_ARP_H 1
| #define HAVE_NETINET_IN_SYSTM_H 1
| #define HAVE_NETINET_IN_H 1
| #define HAVE_NETINET_IF_ETHER_H 1
| #define HAVE_NETINET_IP_H 1
| #define HAVE_NETINET_IP6_H 1
| #define HAVE_RESOLV_H 1
| #define HAVE_NETINET_TCP_H 1
| #define HAVE_NETINET_IP_ICMP_H 1
| #define HAVE_NETINET_ICMP6_H 1
| #define HAVE_STRUCT_ETHER_HEADER 1
| #define HAVE_STRUCT_ARPHDR 1
| #define HAVE_STRUCT_ETHER_ARP 1
| #define HAVE_STRUCT_IP 1
| #define HAVE_STRUCT_ICMP 1
| #define HAVE_STRUCT_IP6_HDR 1
| #define HAVE_STRUCT_ICMP6_HDR 1
| #define HAVE_STRUCT_ND_NEIGHBOR_SOLICIT 1
| /* end confdefs.h.  */
| #include "./src/have.h"
| 
| 
| int
| main ()
| {
| if (sizeof ((struct nd_opt_hdr)))
| 	    return 0;
|   ;
|   return 0;
| }
configure:6330: result: yes
configure:6343: checking return type of signal handlers
configure:6361: cc -c -g -I/usr/local/include -Wall  -DFORTIFY_SOURCE=2 -fwrapv -fPIE conftest.c >&5
conftest.c:70:8: error: indirection requires pointer operand ('void' invalid)
return *(signal (0, 0)) (0) == 1;
       ^~~~~~~~~~~~~~~~~~~~
1 error generated.
configure:6361: $? = 1
configure: failed program was:
| /* confdefs.h */
| #define PACKAGE_NAME "tinc"
| #define PACKAGE_TARNAME "tinc"
| #define PACKAGE_VERSION "UNKNOWN"
| #define PACKAGE_STRING "tinc UNKNOWN"
| #define PACKAGE_BUGREPORT ""
| #define PACKAGE_URL ""
| #define PACKAGE "tinc"
| #define VERSION "UNKNOWN"
| #define STDC_HEADERS 1
| #define HAVE_SYS_TYPES_H 1
| #define HAVE_SYS_STAT_H 1
| #define HAVE_STDLIB_H 1
| #define HAVE_STRING_H 1
| #define HAVE_MEMORY_H 1
| #define HAVE_STRINGS_H 1
| #define HAVE_INTTYPES_H 1
| #define HAVE_STDINT_H 1
| #define HAVE_UNISTD_H 1
| #define __EXTENSIONS__ 1
| #define _ALL_SOURCE 1
| #define _GNU_SOURCE 1
| #define _POSIX_PTHREAD_SEMANTICS 1
| #define _TANDEM_SOURCE 1
| #define __USE_BSD 1
| #define HAVE_FREEBSD 1
| #define HAVE_SYSLOG_H 1
| #define HAVE_SYS_FILE_H 1
| #define HAVE_SYS_IOCTL_H 1
| #define HAVE_SYS_MMAN_H 1
| #define HAVE_SYS_PARAM_H 1
| #define HAVE_SYS_RESOURCE_H 1
| #define HAVE_SYS_SOCKET_H 1
| #define HAVE_SYS_TIME_H 1
| #define HAVE_SYS_UN_H 1
| #define HAVE_SYS_WAIT_H 1
| #define HAVE_NETDB_H 1
| #define HAVE_ARPA_INET_H 1
| #define HAVE_DIRENT_H 1
| #define HAVE_GETOPT_H 1
| #define HAVE_NET_IF_H 1
| #define HAVE_NET_IF_TYPES_H 1
| #define HAVE_NET_ETHERNET_H 1
| #define HAVE_NET_IF_ARP_H 1
| #define HAVE_NETINET_IN_SYSTM_H 1
| #define HAVE_NETINET_IN_H 1
| #define HAVE_NETINET_IF_ETHER_H 1
| #define HAVE_NETINET_IP_H 1
| #define HAVE_NETINET_IP6_H 1
| #define HAVE_RESOLV_H 1
| #define HAVE_NETINET_TCP_H 1
| #define HAVE_NETINET_IP_ICMP_H 1
| #define HAVE_NETINET_ICMP6_H 1
| #define HAVE_STRUCT_ETHER_HEADER 1
| #define HAVE_STRUCT_ARPHDR 1
| #define HAVE_STRUCT_ETHER_ARP 1
| #define HAVE_STRUCT_IP 1
| #define HAVE_STRUCT_ICMP 1
| #define HAVE_STRUCT_IP6_HDR 1
| #define HAVE_STRUCT_ICMP6_HDR 1
| #define HAVE_STRUCT_ND_NEIGHBOR_SOLICIT 1
| #define HAVE_STRUCT_ND_OPT_HDR 1
| /* end confdefs.h.  */
| #include <sys/types.h>
| #include <signal.h>
| 
| int
| main ()
| {
| return *(signal (0, 0)) (0) == 1;
|   ;
|   return 0;
| }
configure:6368: result: void
configure:6379: checking for asprintf
configure:6379: cc -o conftest -g -I/usr/local/include -Wall  -DFORTIFY_SOURCE=2 -fwrapv -fPIE -L/usr/local/lib -pie -Wl,-z,relro -Wl,-z,now conftest.c  >&5
conftest.c:99:18: warning: format string missing [-Wformat]
return asprintf ();
       ~~~~~~~~  ^
1 warning generated.
configure:6379: $? = 0
configure:6379: result: yes
configure:6379: checking for daemon
configure:6379: cc -o conftest -g -I/usr/local/include -Wall  -DFORTIFY_SOURCE=2 -fwrapv -fPIE -L/usr/local/lib -pie -Wl,-z,relro -Wl,-z,now conftest.c  >&5
configure:6379: $? = 0
configure:6379: result: yes
configure:6379: checking for fchmod
configure:6379: cc -o conftest -g -I/usr/local/include -Wall  -DFORTIFY_SOURCE=2 -fwrapv -fPIE -L/usr/local/lib -pie -Wl,-z,relro -Wl,-z,now conftest.c  >&5
configure:6379: $? = 0
configure:6379: result: yes
configure:6379: checking for flock
configure:6379: cc -o conftest -g -I/usr/local/include -Wall  -DFORTIFY_SOURCE=2 -fwrapv -fPIE -L/usr/local/lib -pie -Wl,-z,relro -Wl,-z,now conftest.c  >&5
configure:6379: $? = 0
configure:6379: result: yes
configure:6379: checking for fork
configure:6379: cc -o conftest -g -I/usr/local/include -Wall  -DFORTIFY_SOURCE=2 -fwrapv -fPIE -L/usr/local/lib -pie -Wl,-z,relro -Wl,-z,now conftest.c  >&5
configure:6379: $? = 0
configure:6379: result: yes
configure:6379: checking for gettimeofday
configure:6379: cc -o conftest -g -I/usr/local/include -Wall  -DFORTIFY_SOURCE=2 -fwrapv -fPIE -L/usr/local/lib -pie -Wl,-z,relro -Wl,-z,now conftest.c  >&5
configure:6379: $? = 0
configure:6379: result: yes
configure:6379: checking for mlockall
configure:6379: cc -o conftest -g -I/usr/local/include -Wall  -DFORTIFY_SOURCE=2 -fwrapv -fPIE -L/usr/local/lib -pie -Wl,-z,relro -Wl,-z,now conftest.c  >&5
configure:6379: $? = 0
configure:6379: result: yes
configure:6379: checking for putenv
configure:6379: cc -o conftest -g -I/usr/local/include -Wall  -DFORTIFY_SOURCE=2 -fwrapv -fPIE -L/usr/local/lib -pie -Wl,-z,relro -Wl,-z,now conftest.c  >&5
configure:6379: $? = 0
configure:6379: result: yes
configure:6379: checking for recvmmsg
configure:6379: cc -o conftest -g -I/usr/local/include -Wall  -DFORTIFY_SOURCE=2 -fwrapv -fPIE -L/usr/local/lib -pie -Wl,-z,relro -Wl,-z,now conftest.c  >&5
configure:6379: $? = 0
configure:6379: result: yes
configure:6379: checking for strsignal
configure:6379: cc -o conftest -g -I/usr/local/include -Wall  -DFORTIFY_SOURCE=2 -fwrapv -fPIE -L/usr/local/lib -pie -Wl,-z,relro -Wl,-z,now conftest.c  >&5
configure:6379: $? = 0
configure:6379: result: yes
configure:6379: checking for nanosleep
configure:6379: cc -o conftest -g -I/usr/local/include -Wall  -DFORTIFY_SOURCE=2 -fwrapv -fPIE -L/usr/local/lib -pie -Wl,-z,relro -Wl,-z,now conftest.c  >&5
configure:6379: $? = 0
configure:6379: result: yes
configure:6379: checking for unsetenv
configure:6379: cc -o conftest -g -I/usr/local/include -Wall  -DFORTIFY_SOURCE=2 -fwrapv -fPIE -L/usr/local/lib -pie -Wl,-z,relro -Wl,-z,now conftest.c  >&5
configure:6379: $? = 0
configure:6379: result: yes
configure:6379: checking for vsyslog
configure:6379: cc -o conftest -g -I/usr/local/include -Wall  -DFORTIFY_SOURCE=2 -fwrapv -fPIE -L/usr/local/lib -pie -Wl,-z,relro -Wl,-z,now conftest.c  >&5
configure:6379: $? = 0
configure:6379: result: yes
configure:6379: checking for devname
configure:6379: cc -o conftest -g -I/usr/local/include -Wall  -DFORTIFY_SOURCE=2 -fwrapv -fPIE -L/usr/local/lib -pie -Wl,-z,relro -Wl,-z,now conftest.c  >&5
configure:6379: $? = 0
configure:6379: result: yes
configure:6379: checking for fdevname
configure:6379: cc -o conftest -g -I/usr/local/include -Wall  -DFORTIFY_SOURCE=2 -fwrapv -fPIE -L/usr/local/lib -pie -Wl,-z,relro -Wl,-z,now conftest.c  >&5
configure:6379: $? = 0
configure:6379: result: yes
configure:6389: checking for getopt_long
configure:6389: cc -o conftest -g -I/usr/local/include -Wall  -DFORTIFY_SOURCE=2 -fwrapv -fPIE -L/usr/local/lib -pie -Wl,-z,relro -Wl,-z,now conftest.c  >&5
configure:6389: $? = 0
configure:6389: result: yes
configure:6407: checking whether res_init is declared
configure:6407: cc -c -g -I/usr/local/include -Wall  -DFORTIFY_SOURCE=2 -fwrapv -fPIE conftest.c >&5
configure:6407: $? = 0
configure:6407: result: yes
configure:6422: checking for res_init in -lresolv
configure:6447: cc -o conftest -g -I/usr/local/include -Wall  -DFORTIFY_SOURCE=2 -fwrapv -fPIE -L/usr/local/lib -pie -Wl,-z,relro -Wl,-z,now conftest.c -lresolv   >&5
ld: error: unable to find library -lresolv
cc: error: linker command failed with exit code 1 (use -v to see invocation)
configure:6447: $? = 1
configure: failed program was:
| /* confdefs.h */
| #define PACKAGE_NAME "tinc"
| #define PACKAGE_TARNAME "tinc"
| #define PACKAGE_VERSION "UNKNOWN"
| #define PACKAGE_STRING "tinc UNKNOWN"
| #define PACKAGE_BUGREPORT ""
| #define PACKAGE_URL ""
| #define PACKAGE "tinc"
| #define VERSION "UNKNOWN"
| #define STDC_HEADERS 1
| #define HAVE_SYS_TYPES_H 1
| #define HAVE_SYS_STAT_H 1
| #define HAVE_STDLIB_H 1
| #define HAVE_STRING_H 1
| #define HAVE_MEMORY_H 1
| #define HAVE_STRINGS_H 1
| #define HAVE_INTTYPES_H 1
| #define HAVE_STDINT_H 1
| #define HAVE_UNISTD_H 1
| #define __EXTENSIONS__ 1
| #define _ALL_SOURCE 1
| #define _GNU_SOURCE 1
| #define _POSIX_PTHREAD_SEMANTICS 1
| #define _TANDEM_SOURCE 1
| #define __USE_BSD 1
| #define HAVE_FREEBSD 1
| #define HAVE_SYSLOG_H 1
| #define HAVE_SYS_FILE_H 1
| #define HAVE_SYS_IOCTL_H 1
| #define HAVE_SYS_MMAN_H 1
| #define HAVE_SYS_PARAM_H 1
| #define HAVE_SYS_RESOURCE_H 1
| #define HAVE_SYS_SOCKET_H 1
| #define HAVE_SYS_TIME_H 1
| #define HAVE_SYS_UN_H 1
| #define HAVE_SYS_WAIT_H 1
| #define HAVE_NETDB_H 1
| #define HAVE_ARPA_INET_H 1
| #define HAVE_DIRENT_H 1
| #define HAVE_GETOPT_H 1
| #define HAVE_NET_IF_H 1
| #define HAVE_NET_IF_TYPES_H 1
| #define HAVE_NET_ETHERNET_H 1
| #define HAVE_NET_IF_ARP_H 1
| #define HAVE_NETINET_IN_SYSTM_H 1
| #define HAVE_NETINET_IN_H 1
| #define HAVE_NETINET_IF_ETHER_H 1
| #define HAVE_NETINET_IP_H 1
| #define HAVE_NETINET_IP6_H 1
| #define HAVE_RESOLV_H 1
| #define HAVE_NETINET_TCP_H 1
| #define HAVE_NETINET_IP_ICMP_H 1
| #define HAVE_NETINET_ICMP6_H 1
| #define HAVE_STRUCT_ETHER_HEADER 1
| #define HAVE_STRUCT_ARPHDR 1
| #define HAVE_STRUCT_ETHER_ARP 1
| #define HAVE_STRUCT_IP 1
| #define HAVE_STRUCT_ICMP 1
| #define HAVE_STRUCT_IP6_HDR 1
| #define HAVE_STRUCT_ICMP6_HDR 1
| #define HAVE_STRUCT_ND_NEIGHBOR_SOLICIT 1
| #define HAVE_STRUCT_ND_OPT_HDR 1
| #define RETSIGTYPE void
| #define HAVE_ASPRINTF 1
| #define HAVE_DAEMON 1
| #define HAVE_FCHMOD 1
| #define HAVE_FLOCK 1
| #define HAVE_FORK 1
| #define HAVE_GETTIMEOFDAY 1
| #define HAVE_MLOCKALL 1
| #define HAVE_PUTENV 1
| #define HAVE_RECVMMSG 1
| #define HAVE_STRSIGNAL 1
| #define HAVE_NANOSLEEP 1
| #define HAVE_UNSETENV 1
| #define HAVE_VSYSLOG 1
| #define HAVE_DEVNAME 1
| #define HAVE_FDEVNAME 1
| #define HAVE_GETOPT_LONG 1
| #define HAVE_DECL_RES_INIT 1
| /* end confdefs.h.  */
| 
| /* Override any GCC internal prototype to avoid an error.
|    Use char because int might match the return type of a GCC
|    builtin and then its argument prototype would still apply.  */
| #ifdef __cplusplus
| extern "C"
| #endif
| char res_init ();
| int
| main ()
| {
| return res_init ();
|   ;
|   return 0;
| }
configure:6456: result: no
configure:6493: checking for net/if_tun.h
configure:6493: cc -c -g -I/usr/local/include -Wall  -DFORTIFY_SOURCE=2 -fwrapv -fPIE conftest.c >&5
configure:6493: $? = 0
configure:6493: result: yes
configure:6493: checking for net/if_utun.h
configure:6493: cc -c -g -I/usr/local/include -Wall  -DFORTIFY_SOURCE=2 -fwrapv -fPIE conftest.c >&5
conftest.c:86:10: fatal error: 'net/if_utun.h' file not found
#include <net/if_utun.h>
         ^~~~~~~~~~~~~~~
1 error generated.
configure:6493: $? = 1
configure: failed program was:
| /* confdefs.h */
| #define PACKAGE_NAME "tinc"
| #define PACKAGE_TARNAME "tinc"
| #define PACKAGE_VERSION "UNKNOWN"
| #define PACKAGE_STRING "tinc UNKNOWN"
| #define PACKAGE_BUGREPORT ""
| #define PACKAGE_URL ""
| #define PACKAGE "tinc"
| #define VERSION "UNKNOWN"
| #define STDC_HEADERS 1
| #define HAVE_SYS_TYPES_H 1
| #define HAVE_SYS_STAT_H 1
| #define HAVE_STDLIB_H 1
| #define HAVE_STRING_H 1
| #define HAVE_MEMORY_H 1
| #define HAVE_STRINGS_H 1
| #define HAVE_INTTYPES_H 1
| #define HAVE_STDINT_H 1
| #define HAVE_UNISTD_H 1
| #define __EXTENSIONS__ 1
| #define _ALL_SOURCE 1
| #define _GNU_SOURCE 1
| #define _POSIX_PTHREAD_SEMANTICS 1
| #define _TANDEM_SOURCE 1
| #define __USE_BSD 1
| #define HAVE_FREEBSD 1
| #define HAVE_SYSLOG_H 1
| #define HAVE_SYS_FILE_H 1
| #define HAVE_SYS_IOCTL_H 1
| #define HAVE_SYS_MMAN_H 1
| #define HAVE_SYS_PARAM_H 1
| #define HAVE_SYS_RESOURCE_H 1
| #define HAVE_SYS_SOCKET_H 1
| #define HAVE_SYS_TIME_H 1
| #define HAVE_SYS_UN_H 1
| #define HAVE_SYS_WAIT_H 1
| #define HAVE_NETDB_H 1
| #define HAVE_ARPA_INET_H 1
| #define HAVE_DIRENT_H 1
| #define HAVE_GETOPT_H 1
| #define HAVE_NET_IF_H 1
| #define HAVE_NET_IF_TYPES_H 1
| #define HAVE_NET_ETHERNET_H 1
| #define HAVE_NET_IF_ARP_H 1
| #define HAVE_NETINET_IN_SYSTM_H 1
| #define HAVE_NETINET_IN_H 1
| #define HAVE_NETINET_IF_ETHER_H 1
| #define HAVE_NETINET_IP_H 1
| #define HAVE_NETINET_IP6_H 1
| #define HAVE_RESOLV_H 1
| #define HAVE_NETINET_TCP_H 1
| #define HAVE_NETINET_IP_ICMP_H 1
| #define HAVE_NETINET_ICMP6_H 1
| #define HAVE_STRUCT_ETHER_HEADER 1
| #define HAVE_STRUCT_ARPHDR 1
| #define HAVE_STRUCT_ETHER_ARP 1
| #define HAVE_STRUCT_IP 1
| #define HAVE_STRUCT_ICMP 1
| #define HAVE_STRUCT_IP6_HDR 1
| #define HAVE_STRUCT_ICMP6_HDR 1
| #define HAVE_STRUCT_ND_NEIGHBOR_SOLICIT 1
| #define HAVE_STRUCT_ND_OPT_HDR 1
| #define RETSIGTYPE void
| #define HAVE_ASPRINTF 1
| #define HAVE_DAEMON 1
| #define HAVE_FCHMOD 1
| #define HAVE_FLOCK 1
| #define HAVE_FORK 1
| #define HAVE_GETTIMEOFDAY 1
| #define HAVE_MLOCKALL 1
| #define HAVE_PUTENV 1
| #define HAVE_RECVMMSG 1
| #define HAVE_STRSIGNAL 1
| #define HAVE_NANOSLEEP 1
| #define HAVE_UNSETENV 1
| #define HAVE_VSYSLOG 1
| #define HAVE_DEVNAME 1
| #define HAVE_FDEVNAME 1
| #define HAVE_GETOPT_LONG 1
| #define HAVE_DECL_RES_INIT 1
| #define HAVE_NET_IF_TUN_H 1
| /* end confdefs.h.  */
| #include "./src/have.h"
| 
| 
| #include <net/if_utun.h>
configure:6493: result: no
configure:6493: checking for net/tun/if_tun.h
configure:6493: cc -c -g -I/usr/local/include -Wall  -DFORTIFY_SOURCE=2 -fwrapv -fPIE conftest.c >&5
conftest.c:86:10: fatal error: 'net/tun/if_tun.h' file not found
#include <net/tun/if_tun.h>
         ^~~~~~~~~~~~~~~~~~
1 error generated.
configure:6493: $? = 1
configure: failed program was:
| /* confdefs.h */
| #define PACKAGE_NAME "tinc"
| #define PACKAGE_TARNAME "tinc"
| #define PACKAGE_VERSION "UNKNOWN"
| #define PACKAGE_STRING "tinc UNKNOWN"
| #define PACKAGE_BUGREPORT ""
| #define PACKAGE_URL ""
| #define PACKAGE "tinc"
| #define VERSION "UNKNOWN"
| #define STDC_HEADERS 1
| #define HAVE_SYS_TYPES_H 1
| #define HAVE_SYS_STAT_H 1
| #define HAVE_STDLIB_H 1
| #define HAVE_STRING_H 1
| #define HAVE_MEMORY_H 1
| #define HAVE_STRINGS_H 1
| #define HAVE_INTTYPES_H 1
| #define HAVE_STDINT_H 1
| #define HAVE_UNISTD_H 1
| #define __EXTENSIONS__ 1
| #define _ALL_SOURCE 1
| #define _GNU_SOURCE 1
| #define _POSIX_PTHREAD_SEMANTICS 1
| #define _TANDEM_SOURCE 1
| #define __USE_BSD 1
| #define HAVE_FREEBSD 1
| #define HAVE_SYSLOG_H 1
| #define HAVE_SYS_FILE_H 1
| #define HAVE_SYS_IOCTL_H 1
| #define HAVE_SYS_MMAN_H 1
| #define HAVE_SYS_PARAM_H 1
| #define HAVE_SYS_RESOURCE_H 1
| #define HAVE_SYS_SOCKET_H 1
| #define HAVE_SYS_TIME_H 1
| #define HAVE_SYS_UN_H 1
| #define HAVE_SYS_WAIT_H 1
| #define HAVE_NETDB_H 1
| #define HAVE_ARPA_INET_H 1
| #define HAVE_DIRENT_H 1
| #define HAVE_GETOPT_H 1
| #define HAVE_NET_IF_H 1
| #define HAVE_NET_IF_TYPES_H 1
| #define HAVE_NET_ETHERNET_H 1
| #define HAVE_NET_IF_ARP_H 1
| #define HAVE_NETINET_IN_SYSTM_H 1
| #define HAVE_NETINET_IN_H 1
| #define HAVE_NETINET_IF_ETHER_H 1
| #define HAVE_NETINET_IP_H 1
| #define HAVE_NETINET_IP6_H 1
| #define HAVE_RESOLV_H 1
| #define HAVE_NETINET_TCP_H 1
| #define HAVE_NETINET_IP_ICMP_H 1
| #define HAVE_NETINET_ICMP6_H 1
| #define HAVE_STRUCT_ETHER_HEADER 1
| #define HAVE_STRUCT_ARPHDR 1
| #define HAVE_STRUCT_ETHER_ARP 1
| #define HAVE_STRUCT_IP 1
| #define HAVE_STRUCT_ICMP 1
| #define HAVE_STRUCT_IP6_HDR 1
| #define HAVE_STRUCT_ICMP6_HDR 1
| #define HAVE_STRUCT_ND_NEIGHBOR_SOLICIT 1
| #define HAVE_STRUCT_ND_OPT_HDR 1
| #define RETSIGTYPE void
| #define HAVE_ASPRINTF 1
| #define HAVE_DAEMON 1
| #define HAVE_FCHMOD 1
| #define HAVE_FLOCK 1
| #define HAVE_FORK 1
| #define HAVE_GETTIMEOFDAY 1
| #define HAVE_MLOCKALL 1
| #define HAVE_PUTENV 1
| #define HAVE_RECVMMSG 1
| #define HAVE_STRSIGNAL 1
| #define HAVE_NANOSLEEP 1
| #define HAVE_UNSETENV 1
| #define HAVE_VSYSLOG 1
| #define HAVE_DEVNAME 1
| #define HAVE_FDEVNAME 1
| #define HAVE_GETOPT_LONG 1
| #define HAVE_DECL_RES_INIT 1
| #define HAVE_NET_IF_TUN_H 1
| /* end confdefs.h.  */
| #include "./src/have.h"
| 
| 
| #include <net/tun/if_tun.h>
configure:6493: result: no
configure:6493: checking for net/if_tap.h
configure:6493: cc -c -g -I/usr/local/include -Wall  -DFORTIFY_SOURCE=2 -fwrapv -fPIE conftest.c >&5
configure:6493: $? = 0
configure:6493: result: yes
configure:6493: checking for net/tap/if_tap.h
configure:6493: cc -c -g -I/usr/local/include -Wall  -DFORTIFY_SOURCE=2 -fwrapv -fPIE conftest.c >&5
conftest.c:87:10: fatal error: 'net/tap/if_tap.h' file not found
#include <net/tap/if_tap.h>
         ^~~~~~~~~~~~~~~~~~
1 error generated.
configure:6493: $? = 1
configure: failed program was:
| /* confdefs.h */
| #define PACKAGE_NAME "tinc"
| #define PACKAGE_TARNAME "tinc"
| #define PACKAGE_VERSION "UNKNOWN"
| #define PACKAGE_STRING "tinc UNKNOWN"
| #define PACKAGE_BUGREPORT ""
| #define PACKAGE_URL ""
| #define PACKAGE "tinc"
| #define VERSION "UNKNOWN"
| #define STDC_HEADERS 1
| #define HAVE_SYS_TYPES_H 1
| #define HAVE_SYS_STAT_H 1
| #define HAVE_STDLIB_H 1
| #define HAVE_STRING_H 1
| #define HAVE_MEMORY_H 1
| #define HAVE_STRINGS_H 1
| #define HAVE_INTTYPES_H 1
| #define HAVE_STDINT_H 1
| #define HAVE_UNISTD_H 1
| #define __EXTENSIONS__ 1
| #define _ALL_SOURCE 1
| #define _GNU_SOURCE 1
| #define _POSIX_PTHREAD_SEMANTICS 1
| #define _TANDEM_SOURCE 1
| #define __USE_BSD 1
| #define HAVE_FREEBSD 1
| #define HAVE_SYSLOG_H 1
| #define HAVE_SYS_FILE_H 1
| #define HAVE_SYS_IOCTL_H 1
| #define HAVE_SYS_MMAN_H 1
| #define HAVE_SYS_PARAM_H 1
| #define HAVE_SYS_RESOURCE_H 1
| #define HAVE_SYS_SOCKET_H 1
| #define HAVE_SYS_TIME_H 1
| #define HAVE_SYS_UN_H 1
| #define HAVE_SYS_WAIT_H 1
| #define HAVE_NETDB_H 1
| #define HAVE_ARPA_INET_H 1
| #define HAVE_DIRENT_H 1
| #define HAVE_GETOPT_H 1
| #define HAVE_NET_IF_H 1
| #define HAVE_NET_IF_TYPES_H 1
| #define HAVE_NET_ETHERNET_H 1
| #define HAVE_NET_IF_ARP_H 1
| #define HAVE_NETINET_IN_SYSTM_H 1
| #define HAVE_NETINET_IN_H 1
| #define HAVE_NETINET_IF_ETHER_H 1
| #define HAVE_NETINET_IP_H 1
| #define HAVE_NETINET_IP6_H 1
| #define HAVE_RESOLV_H 1
| #define HAVE_NETINET_TCP_H 1
| #define HAVE_NETINET_IP_ICMP_H 1
| #define HAVE_NETINET_ICMP6_H 1
| #define HAVE_STRUCT_ETHER_HEADER 1
| #define HAVE_STRUCT_ARPHDR 1
| #define HAVE_STRUCT_ETHER_ARP 1
| #define HAVE_STRUCT_IP 1
| #define HAVE_STRUCT_ICMP 1
| #define HAVE_STRUCT_IP6_HDR 1
| #define HAVE_STRUCT_ICMP6_HDR 1
| #define HAVE_STRUCT_ND_NEIGHBOR_SOLICIT 1
| #define HAVE_STRUCT_ND_OPT_HDR 1
| #define RETSIGTYPE void
| #define HAVE_ASPRINTF 1
| #define HAVE_DAEMON 1
| #define HAVE_FCHMOD 1
| #define HAVE_FLOCK 1
| #define HAVE_FORK 1
| #define HAVE_GETTIMEOFDAY 1
| #define HAVE_MLOCKALL 1
| #define HAVE_PUTENV 1
| #define HAVE_RECVMMSG 1
| #define HAVE_STRSIGNAL 1
| #define HAVE_NANOSLEEP 1
| #define HAVE_UNSETENV 1
| #define HAVE_VSYSLOG 1
| #define HAVE_DEVNAME 1
| #define HAVE_FDEVNAME 1
| #define HAVE_GETOPT_LONG 1
| #define HAVE_DECL_RES_INIT 1
| #define HAVE_NET_IF_TUN_H 1
| #define HAVE_NET_IF_TAP_H 1
| /* end confdefs.h.  */
| #include "./src/have.h"
| 
| 
| #include <net/tap/if_tap.h>
configure:6493: result: no
configure:6994: checking zlib.h usability
configure:6994: cc -c -g -I/usr/local/include -Wall  -DFORTIFY_SOURCE=2 -fwrapv -fPIE conftest.c >&5
configure:6994: $? = 0
configure:6994: result: yes
configure:6994: checking zlib.h presence
configure:6994: cc -E  -DFORTIFY_SOURCE=2 -fwrapv -fPIE conftest.c
configure:6994: $? = 0
configure:6994: result: yes
configure:6994: checking for zlib.h
configure:6994: result: yes
configure:7008: checking for compress2 in -lz
configure:7033: cc -o conftest -g -I/usr/local/include -Wall  -DFORTIFY_SOURCE=2 -fwrapv -fPIE -L/usr/local/lib -pie -Wl,-z,relro -Wl,-z,now conftest.c -lz   >&5
configure:7033: $? = 0
configure:7042: result: yes
configure:7093: checking for lzo1x_1_compress in -llzo2
configure:7118: cc -o conftest -g -I/usr/local/include -Wall  -DFORTIFY_SOURCE=2 -fwrapv -fPIE -L/usr/local/lib -pie -Wl,-z,relro -Wl,-z,now conftest.c -llzo2   -lz >&5
configure:7118: $? = 0
configure:7127: result: yes
configure:7181: checking lzo/lzo1x.h usability
configure:7181: cc -c -g -I/usr/local/include -Wall  -DFORTIFY_SOURCE=2 -fwrapv -fPIE conftest.c >&5
configure:7181: $? = 0
configure:7181: result: yes
configure:7181: checking lzo/lzo1x.h presence
configure:7181: cc -E  -DFORTIFY_SOURCE=2 -fwrapv -fPIE conftest.c
conftest.c:87:10: fatal error: 'lzo/lzo1x.h' file not found
#include <lzo/lzo1x.h>
         ^~~~~~~~~~~~~
1 error generated.
configure:7181: $? = 1
configure: failed program was:
| /* confdefs.h */
| #define PACKAGE_NAME "tinc"
| #define PACKAGE_TARNAME "tinc"
| #define PACKAGE_VERSION "UNKNOWN"
| #define PACKAGE_STRING "tinc UNKNOWN"
| #define PACKAGE_BUGREPORT ""
| #define PACKAGE_URL ""
| #define PACKAGE "tinc"
| #define VERSION "UNKNOWN"
| #define STDC_HEADERS 1
| #define HAVE_SYS_TYPES_H 1
| #define HAVE_SYS_STAT_H 1
| #define HAVE_STDLIB_H 1
| #define HAVE_STRING_H 1
| #define HAVE_MEMORY_H 1
| #define HAVE_STRINGS_H 1
| #define HAVE_INTTYPES_H 1
| #define HAVE_STDINT_H 1
| #define HAVE_UNISTD_H 1
| #define __EXTENSIONS__ 1
| #define _ALL_SOURCE 1
| #define _GNU_SOURCE 1
| #define _POSIX_PTHREAD_SEMANTICS 1
| #define _TANDEM_SOURCE 1
| #define __USE_BSD 1
| #define HAVE_FREEBSD 1
| #define HAVE_SYSLOG_H 1
| #define HAVE_SYS_FILE_H 1
| #define HAVE_SYS_IOCTL_H 1
| #define HAVE_SYS_MMAN_H 1
| #define HAVE_SYS_PARAM_H 1
| #define HAVE_SYS_RESOURCE_H 1
| #define HAVE_SYS_SOCKET_H 1
| #define HAVE_SYS_TIME_H 1
| #define HAVE_SYS_UN_H 1
| #define HAVE_SYS_WAIT_H 1
| #define HAVE_NETDB_H 1
| #define HAVE_ARPA_INET_H 1
| #define HAVE_DIRENT_H 1
| #define HAVE_GETOPT_H 1
| #define HAVE_NET_IF_H 1
| #define HAVE_NET_IF_TYPES_H 1
| #define HAVE_NET_ETHERNET_H 1
| #define HAVE_NET_IF_ARP_H 1
| #define HAVE_NETINET_IN_SYSTM_H 1
| #define HAVE_NETINET_IN_H 1
| #define HAVE_NETINET_IF_ETHER_H 1
| #define HAVE_NETINET_IP_H 1
| #define HAVE_NETINET_IP6_H 1
| #define HAVE_RESOLV_H 1
| #define HAVE_NETINET_TCP_H 1
| #define HAVE_NETINET_IP_ICMP_H 1
| #define HAVE_NETINET_ICMP6_H 1
| #define HAVE_STRUCT_ETHER_HEADER 1
| #define HAVE_STRUCT_ARPHDR 1
| #define HAVE_STRUCT_ETHER_ARP 1
| #define HAVE_STRUCT_IP 1
| #define HAVE_STRUCT_ICMP 1
| #define HAVE_STRUCT_IP6_HDR 1
| #define HAVE_STRUCT_ICMP6_HDR 1
| #define HAVE_STRUCT_ND_NEIGHBOR_SOLICIT 1
| #define HAVE_STRUCT_ND_OPT_HDR 1
| #define RETSIGTYPE void
| #define HAVE_ASPRINTF 1
| #define HAVE_DAEMON 1
| #define HAVE_FCHMOD 1
| #define HAVE_FLOCK 1
| #define HAVE_FORK 1
| #define HAVE_GETTIMEOFDAY 1
| #define HAVE_MLOCKALL 1
| #define HAVE_PUTENV 1
| #define HAVE_RECVMMSG 1
| #define HAVE_STRSIGNAL 1
| #define HAVE_NANOSLEEP 1
| #define HAVE_UNSETENV 1
| #define HAVE_VSYSLOG 1
| #define HAVE_DEVNAME 1
| #define HAVE_FDEVNAME 1
| #define HAVE_GETOPT_LONG 1
| #define HAVE_DECL_RES_INIT 1
| #define HAVE_NET_IF_TUN_H 1
| #define HAVE_NET_IF_TAP_H 1
| #define HAVE_ZLIB 1
| #define HAVE_ZLIB_H 1
| #define HAVE_LZO 1
| /* end confdefs.h.  */
| #include <lzo/lzo1x.h>
configure:7181: result: no
configure:7181: WARNING: lzo/lzo1x.h: accepted by the compiler, rejected by the preprocessor!
configure:7181: WARNING: lzo/lzo1x.h: proceeding with the compiler's result
configure:7181: checking for lzo/lzo1x.h
configure:7181: result: yes
configure:7329: checking for dlopen
configure:7329: cc -o conftest -g -I/usr/local/include -Wall  -DFORTIFY_SOURCE=2 -fwrapv -fPIE -L/usr/local/lib -pie -Wl,-z,relro -Wl,-z,now conftest.c  -lz -llzo2 >&5
configure:7329: $? = 0
configure:7329: result: yes
configure:7413: checking openssl/evp.h usability
configure:7413: cc -c -g -I/usr/local/include -Wall  -DFORTIFY_SOURCE=2 -fwrapv -fPIE conftest.c >&5
configure:7413: $? = 0
configure:7413: result: yes
configure:7413: checking openssl/evp.h presence
configure:7413: cc -E  -DFORTIFY_SOURCE=2 -fwrapv -fPIE conftest.c
configure:7413: $? = 0
configure:7413: result: yes
configure:7413: checking for openssl/evp.h
configure:7413: result: yes
configure:7413: checking openssl/rsa.h usability
configure:7413: cc -c -g -I/usr/local/include -Wall  -DFORTIFY_SOURCE=2 -fwrapv -fPIE conftest.c >&5
configure:7413: $? = 0
configure:7413: result: yes
configure:7413: checking openssl/rsa.h presence
configure:7413: cc -E  -DFORTIFY_SOURCE=2 -fwrapv -fPIE conftest.c
configure:7413: $? = 0
configure:7413: result: yes
configure:7413: checking for openssl/rsa.h
configure:7413: result: yes
configure:7413: checking openssl/rand.h usability
configure:7413: cc -c -g -I/usr/local/include -Wall  -DFORTIFY_SOURCE=2 -fwrapv -fPIE conftest.c >&5
configure:7413: $? = 0
configure:7413: result: yes
configure:7413: checking openssl/rand.h presence
configure:7413: cc -E  -DFORTIFY_SOURCE=2 -fwrapv -fPIE conftest.c
configure:7413: $? = 0
configure:7413: result: yes
configure:7413: checking for openssl/rand.h
configure:7413: result: yes
configure:7413: checking openssl/err.h usability
configure:7413: cc -c -g -I/usr/local/include -Wall  -DFORTIFY_SOURCE=2 -fwrapv -fPIE conftest.c >&5
configure:7413: $? = 0
configure:7413: result: yes
configure:7413: checking openssl/err.h presence
configure:7413: cc -E  -DFORTIFY_SOURCE=2 -fwrapv -fPIE conftest.c
configure:7413: $? = 0
configure:7413: result: yes
configure:7413: checking for openssl/err.h
configure:7413: result: yes
configure:7413: checking openssl/sha.h usability
configure:7413: cc -c -g -I/usr/local/include -Wall  -DFORTIFY_SOURCE=2 -fwrapv -fPIE conftest.c >&5
configure:7413: $? = 0
configure:7413: result: yes
configure:7413: checking openssl/sha.h presence
configure:7413: cc -E  -DFORTIFY_SOURCE=2 -fwrapv -fPIE conftest.c
configure:7413: $? = 0
configure:7413: result: yes
configure:7413: checking for openssl/sha.h
configure:7413: result: yes
configure:7413: checking openssl/pem.h usability
configure:7413: cc -c -g -I/usr/local/include -Wall  -DFORTIFY_SOURCE=2 -fwrapv -fPIE conftest.c >&5
configure:7413: $? = 0
configure:7413: result: yes
configure:7413: checking openssl/pem.h presence
configure:7413: cc -E  -DFORTIFY_SOURCE=2 -fwrapv -fPIE conftest.c
configure:7413: $? = 0
configure:7413: result: yes
configure:7413: checking for openssl/pem.h
configure:7413: result: yes
configure:7413: checking openssl/engine.h usability
configure:7413: cc -c -g -I/usr/local/include -Wall  -DFORTIFY_SOURCE=2 -fwrapv -fPIE conftest.c >&5
configure:7413: $? = 0
configure:7413: result: yes
configure:7413: checking openssl/engine.h presence
configure:7413: cc -E  -DFORTIFY_SOURCE=2 -fwrapv -fPIE conftest.c
configure:7413: $? = 0
configure:7413: result: yes
configure:7413: checking for openssl/engine.h
configure:7413: result: yes
configure:7427: checking for EVP_EncryptInit_ex in -lcrypto
configure:7452: cc -o conftest -g -I/usr/local/include -Wall  -DFORTIFY_SOURCE=2 -fwrapv -fPIE -L/usr/local/lib -pie -Wl,-z,relro -Wl,-z,now conftest.c -lcrypto   -lz -llzo2 >&5
configure:7452: $? = 0
configure:7461: result: yes
configure:7474: checking for RAND_bytes
configure:7474: cc -o conftest -g -I/usr/local/include -Wall  -DFORTIFY_SOURCE=2 -fwrapv -fPIE -L/usr/local/lib -pie -Wl,-z,relro -Wl,-z,now conftest.c -lcrypto  -lz -llzo2 >&5
configure:7474: $? = 0
configure:7474: result: yes
configure:7474: checking for EVP_EncryptInit_ex
configure:7474: cc -o conftest -g -I/usr/local/include -Wall  -DFORTIFY_SOURCE=2 -fwrapv -fPIE -L/usr/local/lib -pie -Wl,-z,relro -Wl,-z,now conftest.c -lcrypto  -lz -llzo2 >&5
configure:7474: $? = 0
configure:7474: result: yes
configure:7474: checking for EVP_CIPHER_CTX_new
configure:7474: cc -o conftest -g -I/usr/local/include -Wall  -DFORTIFY_SOURCE=2 -fwrapv -fPIE -L/usr/local/lib -pie -Wl,-z,relro -Wl,-z,now conftest.c -lcrypto  -lz -llzo2 >&5
configure:7474: $? = 0
configure:7474: result: yes
configure:7486: checking whether OpenSSL_add_all_algorithms is declared
configure:7486: cc -c -g -I/usr/local/include -Wall  -DFORTIFY_SOURCE=2 -fwrapv -fPIE conftest.c >&5
configure:7486: $? = 0
configure:7486: result: yes
configure:7503: checking whether EVP_aes_256_cfb is declared
configure:7503: cc -c -g -I/usr/local/include -Wall  -DFORTIFY_SOURCE=2 -fwrapv -fPIE conftest.c >&5
configure:7503: $? = 0
configure:7503: result: yes
configure:7525: checking for BN_GENCB_new
configure:7525: cc -o conftest -g -I/usr/local/include -Wall  -DFORTIFY_SOURCE=2 -fwrapv -fPIE -L/usr/local/lib -pie -Wl,-z,relro -Wl,-z,now conftest.c -lcrypto  -lz -llzo2 >&5
configure:7525: $? = 0
configure:7525: result: yes
configure:7525: checking for ERR_remove_state
configure:7525: cc -o conftest -g -I/usr/local/include -Wall  -DFORTIFY_SOURCE=2 -fwrapv -fPIE -L/usr/local/lib -pie -Wl,-z,relro -Wl,-z,now conftest.c -lcrypto  -lz -llzo2 >&5
configure:7525: $? = 0
configure:7525: result: yes
configure:7525: checking for RSA_set0_key
configure:7525: cc -o conftest -g -I/usr/local/include -Wall  -DFORTIFY_SOURCE=2 -fwrapv -fPIE -L/usr/local/lib -pie -Wl,-z,relro -Wl,-z,now conftest.c -lcrypto  -lz -llzo2 >&5
configure:7525: $? = 0
configure:7525: result: yes
configure:7536: checking for HMAC_CTX_new
configure:7536: cc -o conftest -g -I/usr/local/include -Wall  -DFORTIFY_SOURCE=2 -fwrapv -fPIE -L/usr/local/lib -pie -Wl,-z,relro -Wl,-z,now conftest.c -lcrypto  -lz -llzo2 >&5
configure:7536: $? = 0
configure:7536: result: yes
configure:7809: checking that generated files are newer than configure
configure:7815: result: done
configure:7894: creating ./config.status

## ---------------------- ##
## Running config.status. ##
## ---------------------- ##

This file was extended by tinc config.status UNKNOWN, which was
generated by GNU Autoconf 2.69.  Invocation command line was

  CONFIG_FILES    = 
  CONFIG_HEADERS  = 
  CONFIG_LINKS    = 
  CONFIG_COMMANDS = 
  $ ./config.status 

on nas

config.status:1090: creating Makefile
config.status:1090: creating src/Makefile
config.status:1090: creating doc/Makefile
config.status:1090: creating test/Makefile
config.status:1090: creating systemd/Makefile
config.status:1090: creating config.h
config.status:1319: executing depfiles commands

## ---------------- ##
## Cache variables. ##
## ---------------- ##

ac_cv_build=x86_64-unknown-freebsd12.1
ac_cv_c_compiler_gnu=yes
ac_cv_cflags_warn_all=-Wall
ac_cv_env_CC_set=''
ac_cv_env_CC_value=''
ac_cv_env_CFLAGS_set=set
ac_cv_env_CFLAGS_value='-g -I/usr/local/include'
ac_cv_env_CPPFLAGS_set=''
ac_cv_env_CPPFLAGS_value=''
ac_cv_env_CPP_set=''
ac_cv_env_CPP_value=''
ac_cv_env_LDFLAGS_set=set
ac_cv_env_LDFLAGS_value=-L/usr/local/lib
ac_cv_env_LIBS_set=''
ac_cv_env_LIBS_value=''
ac_cv_env_build_alias_set=''
ac_cv_env_build_alias_value=''
ac_cv_env_host_alias_set=''
ac_cv_env_host_alias_value=''
ac_cv_env_target_alias_set=''
ac_cv_env_target_alias_value=''
ac_cv_func_BN_GENCB_new=yes
ac_cv_func_ERR_remove_state=yes
ac_cv_func_EVP_CIPHER_CTX_new=yes
ac_cv_func_EVP_EncryptInit_ex=yes
ac_cv_func_HMAC_CTX_new=yes
ac_cv_func_RAND_bytes=yes
ac_cv_func_RSA_set0_key=yes
ac_cv_func_asprintf=yes
ac_cv_func_daemon=yes
ac_cv_func_devname=yes
ac_cv_func_dlopen=yes
ac_cv_func_fchmod=yes
ac_cv_func_fdevname=yes
ac_cv_func_flock=yes
ac_cv_func_fork=yes
ac_cv_func_getopt_long=yes
ac_cv_func_gettimeofday=yes
ac_cv_func_mlockall=yes
ac_cv_func_nanosleep=yes
ac_cv_func_putenv=yes
ac_cv_func_recvmmsg=yes
ac_cv_func_strsignal=yes
ac_cv_func_unsetenv=yes
ac_cv_func_vsyslog=yes
ac_cv_have_decl_EVP_aes_256_cfb=yes
ac_cv_have_decl_OpenSSL_add_all_algorithms=yes
ac_cv_have_decl_res_init=yes
ac_cv_header_arpa_inet_h=yes
ac_cv_header_dirent_h=yes
ac_cv_header_getopt_h=yes
ac_cv_header_inttypes_h=yes
ac_cv_header_lzo_lzo1x_h=yes
ac_cv_header_memory_h=yes
ac_cv_header_minix_config_h=no
ac_cv_header_net_ethernet_h=yes
ac_cv_header_net_if_arp_h=yes
ac_cv_header_net_if_h=yes
ac_cv_header_net_if_tap_h=yes
ac_cv_header_net_if_tun_h=yes
ac_cv_header_net_if_types_h=yes
ac_cv_header_net_if_utun_h=no
ac_cv_header_net_tap_if_tap_h=no
ac_cv_header_net_tun_if_tun_h=no
ac_cv_header_netdb_h=yes
ac_cv_header_netinet_icmp6_h=yes
ac_cv_header_netinet_if_ether_h=yes
ac_cv_header_netinet_in6_h=no
ac_cv_header_netinet_in_h=yes
ac_cv_header_netinet_in_systm_h=yes
ac_cv_header_netinet_ip6_h=yes
ac_cv_header_netinet_ip_h=yes
ac_cv_header_netinet_ip_icmp_h=yes
ac_cv_header_netinet_tcp_h=yes
ac_cv_header_netpacket_packet_h=no
ac_cv_header_openssl_engine_h=yes
ac_cv_header_openssl_err_h=yes
ac_cv_header_openssl_evp_h=yes
ac_cv_header_openssl_pem_h=yes
ac_cv_header_openssl_rand_h=yes
ac_cv_header_openssl_rsa_h=yes
ac_cv_header_openssl_sha_h=yes
ac_cv_header_resolv_h=yes
ac_cv_header_stdc=yes
ac_cv_header_stdint_h=yes
ac_cv_header_stdlib_h=yes
ac_cv_header_string_h=yes
ac_cv_header_strings_h=yes
ac_cv_header_sys_file_h=yes
ac_cv_header_sys_ioctl_h=yes
ac_cv_header_sys_mman_h=yes
ac_cv_header_sys_param_h=yes
ac_cv_header_sys_resource_h=yes
ac_cv_header_sys_socket_h=yes
ac_cv_header_sys_stat_h=yes
ac_cv_header_sys_time_h=yes
ac_cv_header_sys_types_h=yes
ac_cv_header_sys_un_h=yes
ac_cv_header_sys_wait_h=yes
ac_cv_header_syslog_h=yes
ac_cv_header_unistd_h=yes
ac_cv_header_zlib_h=yes
ac_cv_host=x86_64-unknown-freebsd12.1
ac_cv_lib_crypto_EVP_EncryptInit_ex=yes
ac_cv_lib_lzo2_lzo1x_1_compress=yes
ac_cv_lib_resolv_res_init=no
ac_cv_lib_z_compress2=yes
ac_cv_objext=o
ac_cv_path_EGREP='/usr/bin/grep -E'
ac_cv_path_GREP=/usr/bin/grep
ac_cv_path_SED=/usr/bin/sed
ac_cv_path_install='/usr/bin/install -c'
ac_cv_prog_AWK=nawk
ac_cv_prog_CC=cc
ac_cv_prog_CPP='cc -E'
ac_cv_prog_cc_c89=''
ac_cv_prog_cc_c99=''
ac_cv_prog_cc_g=yes
ac_cv_prog_make_make_set=yes
ac_cv_safe_to_define___extensions__=yes
ac_cv_type_signal=void
ac_cv_type_struct_arphdr=yes
ac_cv_type_struct_ether_arp=yes
ac_cv_type_struct_ether_header=yes
ac_cv_type_struct_icmp6_hdr=yes
ac_cv_type_struct_icmp=yes
ac_cv_type_struct_ip6_hdr=yes
ac_cv_type_struct_ip=yes
ac_cv_type_struct_nd_neighbor_solicit=yes
ac_cv_type_struct_nd_opt_hdr=yes
am_cv_CC_dependencies_compiler_type=gcc3
am_cv_make_support_nested_variables=yes
am_cv_prog_cc_c_o=yes
ax_cv_check_cflags___DFORTIFY_SOURCE_2=yes
ax_cv_check_cflags___fPIE=yes
ax_cv_check_cflags___fwrapv=yes
ax_cv_check_ldflags___Wl__z_now=yes
ax_cv_check_ldflags___Wl__z_relro=yes
ax_cv_check_ldflags___pie=yes
tinc_cv_attribute___malloc__=yes
tinc_cv_attribute___warn_unused_result__=yes

## ----------------- ##
## Output variables. ##
## ----------------- ##














	@echo "Need to reconfigure with --enable-code-coverage"
	@echo "Need to reconfigure with --enable-code-coverage"
 $(CODE_COVERAGE_IGNORE_PATTERN);
 $(CODE_COVERAGE_OUTPUT_FILE);
#
#
#    $(PACKAGE_NAME)-$(PACKAGE_VERSION)-coverage)
#    $(PACKAGE_NAME)-$(PACKAGE_VERSION)-coverage.info)
#    (Default: $(top_builddir))
#    (Default: empty)
#    Multiple directories may be specified, separated by whitespace.
#    by lcov for code coverage. (Default:
#    collecting lcov instance. (Default: $CODE_COVERAGE_LCOV_OPTIONS_GCOVPATH)
#    genhtml instance. (Default: based on $CODE_COVERAGE_BRANCH_COVERAGE)
#    instance. (Default: $CODE_COVERAGE_GENHTML_OPTIONS_DEFAULT)
#    instance. (Default: $CODE_COVERAGE_LCOV_OPTIONS_DEFAULT)
#    instance. (Default: $CODE_COVERAGE_LCOV_RMOPTS_DEFAULT)
#    instances. (Default: $CODE_COVERAGE_LCOV_SHOPTS_DEFAULT)
#    instances. (Default: based on $CODE_COVERAGE_BRANCH_COVERAGE)
#    lcov instance. (Default: empty)
#    reports to be created. (Default:
#    set to 0 to disable it and leave empty to stay with the default.
#  - CODE_COVERAGE_BRANCH_COVERAGE: Set to 1 to enforce branch coverage,
#  - CODE_COVERAGE_DIRECTORY: Top-level directory for code coverage reporting.
#  - CODE_COVERAGE_GENHTML_OPTIONS: Extra options to pass to the genhtml
#  - CODE_COVERAGE_GENHTML_OPTIONS_DEFAULT: Extra options to pass to the
#  - CODE_COVERAGE_IGNORE_PATTERN: Extra glob pattern of files to ignore
#  - CODE_COVERAGE_LCOV_OPTIONS: Extra options to pass to the collecting lcov
#  - CODE_COVERAGE_LCOV_OPTIONS_DEFAULT: Extra options to pass to the
#  - CODE_COVERAGE_LCOV_OPTIONS_GCOVPATH: --gcov-tool pathtogcov
#  - CODE_COVERAGE_LCOV_RMOPTS: Extra options to pass to the filtering lcov
#  - CODE_COVERAGE_LCOV_RMOPTS_DEFAULT: Extra options to pass to the filtering
#  - CODE_COVERAGE_LCOV_SHOPTS: Extra options to shared between both lcov
#  - CODE_COVERAGE_LCOV_SHOPTS_DEFAULT: Extra options shared between both lcov
#  - CODE_COVERAGE_OUTPUT_DIRECTORY: Directory for generated code coverage
#  - CODE_COVERAGE_OUTPUT_FILE: Filename and path for the .info file generated
# $(PACKAGE_VERSION). In order to add the current git hash to the title,
# Capture code coverage data
# Code coverage
# Hook rule executed before code-coverage-capture, overridable by the user
# Optional variables
# Optional:
# The generated report will be titled using the $(PACKAGE_NAME) and
# Use recursive makes in order to ignore errors during check
# sanitizes the test-name: replaces with underscores: dashes and dots
# use the git-version-gen script, available online.
$(if $(CODE_COVERAGE_BRANCH_COVERAGE),\
'
--rc genhtml_branch_coverage=$(CODE_COVERAGE_BRANCH_COVERAGE))
--rc lcov_branch_coverage=$(CODE_COVERAGE_BRANCH_COVERAGE))
.PHONY: check-code-coverage code-coverage-capture code-coverage-capture-hook code-coverage-clean
ACLOCAL='${SHELL} /home/chk/tinc-local-offload/missing aclocal-1.15'
AMDEPBACKSLASH='\'
AMDEP_FALSE='#'
AMDEP_TRUE=''
AMTAR='$${TAR-tar}'
AM_BACKSLASH='\'
AM_DEFAULT_V='$(AM_DEFAULT_VERBOSITY)'
AM_DEFAULT_VERBOSITY='0'
AM_DISTCHECK_CONFIGURE_FLAGS += --disable-code-coverage
AM_DISTCHECK_CONFIGURE_FLAGS ?=
AM_V='$(V)'
AUTOCONF='${SHELL} /home/chk/tinc-local-offload/missing autoconf'
AUTOHEADER='${SHELL} /home/chk/tinc-local-offload/missing autoheader'
AUTOMAKE='${SHELL} /home/chk/tinc-local-offload/missing automake-1.15'
AWK='nawk'
BSD_FALSE='#'
BSD_TRUE=''
CC='cc'
CCDEPMODE='depmode=gcc3'
CFLAGS='-g -I/usr/local/include -Wall'
CODE_COVERAGE_BRANCH_COVERAGE ?=
CODE_COVERAGE_CFLAGS=''
CODE_COVERAGE_CPPFLAGS=''
CODE_COVERAGE_CXXFLAGS=''
CODE_COVERAGE_DIRECTORY ?= $(top_builddir)
CODE_COVERAGE_ENABLED='no'
CODE_COVERAGE_ENABLED_FALSE=''
CODE_COVERAGE_ENABLED_TRUE='#'
CODE_COVERAGE_GENHTML_OPTIONS ?= $(CODE_COVERAGE_GENHTML_OPTIONS_DEFAULTS)
CODE_COVERAGE_GENHTML_OPTIONS_DEFAULT ?=\
CODE_COVERAGE_IGNORE_PATTERN ?=
CODE_COVERAGE_LCOV_OPTIONS ?= $(CODE_COVERAGE_LCOV_OPTIONS_DEFAULT)
CODE_COVERAGE_LCOV_OPTIONS_DEFAULT ?= $(CODE_COVERAGE_LCOV_OPTIONS_GCOVPATH)
CODE_COVERAGE_LCOV_OPTIONS_GCOVPATH ?= --gcov-tool "$(GCOV)"
CODE_COVERAGE_LCOV_RMOPTS ?= $(CODE_COVERAGE_LCOV_RMOPTS_DEFAULT)
CODE_COVERAGE_LCOV_RMOPTS_DEFAULT ?=
CODE_COVERAGE_LCOV_SHOPTS ?= $(CODE_COVERAGE_LCOV_SHOPTS_DEFAULT)
CODE_COVERAGE_LCOV_SHOPTS_DEFAULT ?= $(if $(CODE_COVERAGE_BRANCH_COVERAGE),\
CODE_COVERAGE_LDFLAGS=''
CODE_COVERAGE_LIBS=''
CODE_COVERAGE_OUTPUT_DIRECTORY ?= $(PACKAGE_NAME)-$(PACKAGE_VERSION)-coverage
CODE_COVERAGE_OUTPUT_FILE ?= $(PACKAGE_NAME)-$(PACKAGE_VERSION)-coverage.info
CODE_COVERAGE_RULES='
CPP='cc -E'
CPPFLAGS=' -DFORTIFY_SOURCE=2 -fwrapv -fPIE'
CURSES_LIBS=''
CYGPATH_W='echo'
CYGWIN_FALSE=''
CYGWIN_TRUE='#'
DEFS='-DHAVE_CONFIG_H'
DEPDIR='.deps'
ECHO_C=''
ECHO_N='-n'
ECHO_T=''
EGREP='/usr/bin/grep -E'
EXEEXT=''
GCOV=''
GCRYPT_FALSE=''
GCRYPT_TRUE='#'
GENHTML=''
GETOPT_FALSE='#'
GETOPT_TRUE=''
GITIGNOREFILES += $(CODE_COVERAGE_OUTPUT_FILE) $(CODE_COVERAGE_OUTPUT_DIRECTORY)
GITIGNOREFILES ?=
GREP='/usr/bin/grep'
INSTALL_DATA='${INSTALL} -m 644'
INSTALL_PROGRAM='${INSTALL}'
INSTALL_SCRIPT='${INSTALL}'
INSTALL_STRIP_PROGRAM='$(install_sh) -c -s'
LCOV=''
LDFLAGS='-L/usr/local/lib -pie -Wl,-z,relro -Wl,-z,now'
LIBOBJS=''
LIBS='-lcrypto  -lz -llzo2'
LINUX_FALSE=''
LINUX_TRUE='#'
LTLIBOBJS=''
MAKEINFO='${SHELL} /home/chk/tinc-local-offload/missing makeinfo'
MINGW_FALSE=''
MINGW_TRUE='#'
MINIUPNPC_FALSE=''
MINIUPNPC_LIBS=''
MINIUPNPC_TRUE='#'
MKDIR_P='./install-sh -c -d'
OBJEXT='o'
OPENSSL_FALSE='#'
OPENSSL_TRUE=''
PACKAGE='tinc'
PACKAGE_BUGREPORT=''
PACKAGE_NAME='tinc'
PACKAGE_STRING='tinc UNKNOWN'
PACKAGE_TARNAME='tinc'
PACKAGE_URL=''
PACKAGE_VERSION='UNKNOWN'
PATH_SEPARATOR=':'
READLINE_LIBS=''
SED='/usr/bin/sed'
SET_MAKE=''
SHELL='/bin/sh'
SOLARIS_FALSE=''
SOLARIS_TRUE='#'
STRIP=''
TUNEMU_FALSE=''
TUNEMU_TRUE='#'
UML_FALSE=''
UML_TRUE='#'
VDE_FALSE=''
VDE_TRUE='#'
VERSION='UNKNOWN'
WITH_SYSTEMD_FALSE=''
WITH_SYSTEMD_TRUE='#'
ac_ct_CC=''
am__EXEEXT_FALSE=''
am__EXEEXT_TRUE='#'
am__fastdepCC_FALSE='#'
am__fastdepCC_TRUE=''
am__include='include'
am__isrc=''
am__leading_dot='.'
am__nodep='_no'
am__quote=''
am__tar='$${TAR-tar} chof - "$$tardir"'
am__untar='$${TAR-tar} xf -'
bindir='${exec_prefix}/bin'
build='x86_64-unknown-freebsd12.1'
build_alias=''
build_cpu='x86_64'
build_os='freebsd12.1'
build_vendor='unknown'
check-code-coverage:
code-coverage-capture-hook:
code-coverage-capture: code-coverage-capture-hook
code_coverage_quiet = $(code_coverage_quiet_$(V))
code_coverage_quiet_ = $(code_coverage_quiet_$(AM_DEFAULT_VERBOSITY))
code_coverage_quiet_0 = --quiet
code_coverage_sanitize = $(subst -,_,$(subst .,_,$(1)))
code_coverage_v_genhtml = $(code_coverage_v_genhtml_$(V))
code_coverage_v_genhtml_ = $(code_coverage_v_genhtml_$(AM_DEFAULT_VERBOSITY))
code_coverage_v_genhtml_0 = @echo "  GEN   " $(CODE_COVERAGE_OUTPUT_DIRECTORY);
code_coverage_v_lcov_cap = $(code_coverage_v_lcov_cap_$(V))
code_coverage_v_lcov_cap_ = $(code_coverage_v_lcov_cap_$(AM_DEFAULT_VERBOSITY))
code_coverage_v_lcov_cap_0 = @echo "  LCOV   --capture"\
code_coverage_v_lcov_ign = $(code_coverage_v_lcov_ign_$(V))
code_coverage_v_lcov_ign_ = $(code_coverage_v_lcov_ign_$(AM_DEFAULT_VERBOSITY))
code_coverage_v_lcov_ign_0 = @echo "  LCOV   --remove /tmp/*"\
datadir='${datarootdir}'
datarootdir='${prefix}/share'
docdir='${datarootdir}/doc/${PACKAGE_TARNAME}'
dvidir='${docdir}'
exec_prefix='${prefix}'
host='x86_64-unknown-freebsd12.1'
host_alias=''
host_cpu='x86_64'
host_os='freebsd12.1'
host_vendor='unknown'
htmldir='${docdir}'
includedir='${prefix}/include'
infodir='${datarootdir}/info'
install_sh='${SHELL} /home/chk/tinc-local-offload/install-sh'
libdir='${exec_prefix}/lib'
libexecdir='${exec_prefix}/libexec'
localedir='${datarootdir}/locale'
localstatedir='${prefix}/var'
mandir='${datarootdir}/man'
mkdir_p='$(MKDIR_P)'
oldincludedir='/usr/include'
pdfdir='${docdir}'
prefix='/usr/local'
program_transform_name='s,x,x,'
psdir='${docdir}'
runstatedir='${localstatedir}/run'
sbindir='${exec_prefix}/sbin'
sharedstatedir='${prefix}/com'
sysconfdir='${prefix}/etc'
systemd_path=''
target_alias=''

## ----------- ##
## confdefs.h. ##
## ----------- ##

/* confdefs.h */
#define PACKAGE_NAME "tinc"
#define PACKAGE_TARNAME "tinc"
#define PACKAGE_VERSION "UNKNOWN"
#define PACKAGE_STRING "tinc UNKNOWN"
#define PACKAGE_BUGREPORT ""
#define PACKAGE_URL ""
#define PACKAGE "tinc"
#define VERSION "UNKNOWN"
#define STDC_HEADERS 1
#define HAVE_SYS_TYPES_H 1
#define HAVE_SYS_STAT_H 1
#define HAVE_STDLIB_H 1
#define HAVE_STRING_H 1
#define HAVE_MEMORY_H 1
#define HAVE_STRINGS_H 1
#define HAVE_INTTYPES_H 1
#define HAVE_STDINT_H 1
#define HAVE_UNISTD_H 1
#define __EXTENSIONS__ 1
#define _ALL_SOURCE 1
#define _GNU_SOURCE 1
#define _POSIX_PTHREAD_SEMANTICS 1
#define _TANDEM_SOURCE 1
#define __USE_BSD 1
#define HAVE_FREEBSD 1
#define HAVE_SYSLOG_H 1
#define HAVE_SYS_FILE_H 1
#define HAVE_SYS_IOCTL_H 1
#define HAVE_SYS_MMAN_H 1
#define HAVE_SYS_PARAM_H 1
#define HAVE_SYS_RESOURCE_H 1
#define HAVE_SYS_SOCKET_H 1
#define HAVE_SYS_TIME_H 1
#define HAVE_SYS_UN_H 1
#define HAVE_SYS_WAIT_H 1
#define HAVE_NETDB_H 1
#define HAVE_ARPA_INET_H 1
#define HAVE_DIRENT_H 1
#define HAVE_GETOPT_H 1
#define HAVE_NET_IF_H 1
#define HAVE_NET_IF_TYPES_H 1
#define HAVE_NET_ETHERNET_H 1
#define HAVE_NET_IF_ARP_H 1
#define HAVE_NETINET_IN_SYSTM_H 1
#define HAVE_NETINET_IN_H 1
#define HAVE_NETINET_IF_ETHER_H 1
#define HAVE_NETINET_IP_H 1
#define HAVE_NETINET_IP6_H 1
#define HAVE_RESOLV_H 1
#define HAVE_NETINET_TCP_H 1
#define HAVE_NETINET_IP_ICMP_H 1
#define HAVE_NETINET_ICMP6_H 1
#define HAVE_STRUCT_ETHER_HEADER 1
#define HAVE_STRUCT_ARPHDR 1
#define HAVE_STRUCT_ETHER_ARP 1
#define HAVE_STRUCT_IP 1
#define HAVE_STRUCT_ICMP 1
#define HAVE_STRUCT_IP6_HDR 1
#define HAVE_STRUCT_ICMP6_HDR 1
#define HAVE_STRUCT_ND_NEIGHBOR_SOLICIT 1
#define HAVE_STRUCT_ND_OPT_HDR 1
#define RETSIGTYPE void
#define HAVE_ASPRINTF 1
#define HAVE_DAEMON 1
#define HAVE_FCHMOD 1
#define HAVE_FLOCK 1
#define HAVE_FORK 1
#define HAVE_GETTIMEOFDAY 1
#define HAVE_MLOCKALL 1
#define HAVE_PUTENV 1
#define HAVE_RECVMMSG 1
#define HAVE_STRSIGNAL 1
#define HAVE_NANOSLEEP 1
#define HAVE_UNSETENV 1
#define HAVE_VSYSLOG 1
#define HAVE_DEVNAME 1
#define HAVE_FDEVNAME 1
#define HAVE_GETOPT_LONG 1
#define HAVE_DECL_RES_INIT 1
#define HAVE_NET_IF_TUN_H 1
#define HAVE_NET_IF_TAP_H 1
#define HAVE_ZLIB 1
#define HAVE_ZLIB_H 1
#define HAVE_LZO 1
#define HAVE_LZO_LZO1X_H 1
#define LZO1X_H <lzo/lzo1x.h>
#define HAVE_OPENSSL_EVP_H 1
#define HAVE_OPENSSL_RSA_H 1
#define HAVE_OPENSSL_RAND_H 1
#define HAVE_OPENSSL_ERR_H 1
#define HAVE_OPENSSL_SHA_H 1
#define HAVE_OPENSSL_PEM_H 1
#define HAVE_OPENSSL_ENGINE_H 1
#define HAVE_RAND_BYTES 1
#define HAVE_EVP_ENCRYPTINIT_EX 1
#define HAVE_EVP_CIPHER_CTX_NEW 1
#define HAVE_DECL_OPENSSL_ADD_ALL_ALGORITHMS 1
#define HAVE_DECL_EVP_AES_256_CFB 1
#define HAVE_BN_GENCB_NEW 1
#define HAVE_ERR_REMOVE_STATE 1
#define HAVE_RSA_SET0_KEY 1
#define HAVE_HMAC_CTX_NEW 1

configure: exit 0
